[  1444.205] 
X.Org X Server 1.21.1.8
X Protocol Version 11, Revision 0
[  1444.205] Current Operating System: Linux naiarch 6.1.39-3-lts #1 SMP PREEMPT_DYNAMIC Wed, 02 Aug 2023 10:12:55 +0000 x86_64
[  1444.205] Kernel command line: BOOT_IMAGE=/boot/vmlinuz-linux-lts root=/dev/mapper/volgroup0-lv_root rw loglevel=3 quiet
[  1444.205]  
[  1444.205] Current version of pixman: 0.42.2
[  1444.205] 	Before reporting problems, check http://wiki.x.org
	to make sure that you have the latest version.
[  1444.205] Markers: (--) probed, (**) from config file, (==) default setting,
	(++) from command line, (!!) notice, (II) informational,
	(WW) warning, (EE) error, (NI) not implemented, (??) unknown.
[  1444.205] (==) Log file: "/home/nai/.local/share/xorg/Xorg.1.log", Time: Fri Aug  4 15:35:07 2023
[  1444.206] (==) Using system config directory "/usr/share/X11/xorg.conf.d"
[  1444.206] (==) No Layout section.  Using the first Screen section.
[  1444.206] (==) No screen section available. Using defaults.
[  1444.206] (**) |-->Screen "Default Screen Section" (0)
[  1444.206] (**) |   |-->Monitor "<default monitor>"
[  1444.206] (==) No monitor specified for screen "Default Screen Section".
	Using a default monitor configuration.
[  1444.206] (==) Automatically adding devices
[  1444.206] (==) Automatically enabling devices
[  1444.206] (==) Automatically adding GPU devices
[  1444.206] (==) Automatically binding GPU devices
[  1444.206] (==) Max clients allowed: 256, resource mask: 0x1fffff
[  1444.206] (WW) The directory "/usr/share/fonts/misc" does not exist.
[  1444.206] 	Entry deleted from font path.
[  1444.206] (WW) The directory "/usr/share/fonts/TTF" does not exist.
[  1444.206] 	Entry deleted from font path.
[  1444.206] (WW) The directory "/usr/share/fonts/OTF" does not exist.
[  1444.206] 	Entry deleted from font path.
[  1444.206] (WW) The directory "/usr/share/fonts/Type1" does not exist.
[  1444.206] 	Entry deleted from font path.
[  1444.206] (==) FontPath set to:
	/usr/share/fonts/100dpi,
	/usr/share/fonts/75dpi
[  1444.206] (==) ModulePath set to "/usr/lib/xorg/modules"
[  1444.206] (II) The server relies on udev to provide the list of input devices.
	If no devices become available, reconfigure udev or disable AutoAddDevices.
[  1444.206] (II) Module ABI versions:
[  1444.206] 	X.Org ANSI C Emulation: 0.4
[  1444.206] 	X.Org Video Driver: 25.2
[  1444.206] 	X.Org XInput driver : 24.4
[  1444.206] 	X.Org Server Extension : 10.0
[  1444.207] (++) using VT number 3

[  1444.208] (II) systemd-logind: took control of session /org/freedesktop/login1/session/_39
[  1444.210] (II) xfree86: Adding drm device (/dev/dri/card0)
[  1444.210] (II) Platform probe for /sys/devices/pci0000:00/0000:00:08.1/0000:07:00.0/drm/card0
[  1444.211] (II) systemd-logind: got fd for /dev/dri/card0 226:0 fd 13 paused 0
[  1444.216] (--) PCI:*(7@0:0:0) 1002:15d8:1565:170b rev 204, Mem @ 0xd0000000/268435456, 0xe0000000/2097152, 0xfcd00000/524288, I/O @ 0x0000e000/256, BIOS @ 0x????????/131072
[  1444.217] (WW) Open ACPI failed (/var/run/acpid.socket) (No such file or directory)
[  1444.217] (II) LoadModule: "glx"
[  1444.217] (II) Loading /usr/lib/xorg/modules/extensions/libglx.so
[  1444.219] (II) Module glx: vendor="X.Org Foundation"
[  1444.219] 	compiled for 1.21.1.8, module version = 1.0.0
[  1444.219] 	ABI class: X.Org Server Extension, version 10.0
[  1444.219] (II) Applying OutputClass "AMDgpu" to /dev/dri/card0
[  1444.219] 	loading driver: amdgpu
[  1444.219] (==) Matched amdgpu as autoconfigured driver 0
[  1444.219] (==) Matched ati as autoconfigured driver 1
[  1444.219] (==) Matched modesetting as autoconfigured driver 2
[  1444.219] (==) Matched fbdev as autoconfigured driver 3
[  1444.219] (==) Matched vesa as autoconfigured driver 4
[  1444.219] (==) Assigned the driver to the xf86ConfigLayout
[  1444.219] (II) LoadModule: "amdgpu"
[  1444.219] (II) Loading /usr/lib/xorg/modules/drivers/amdgpu_drv.so
[  1444.220] (II) Module amdgpu: vendor="X.Org Foundation"
[  1444.220] 	compiled for 1.21.1.7, module version = 23.0.0
[  1444.220] 	Module class: X.Org Video Driver
[  1444.220] 	ABI class: X.Org Video Driver, version 25.2
[  1444.220] (II) LoadModule: "ati"
[  1444.220] (WW) Warning, couldn't open module ati
[  1444.220] (EE) Failed to load module "ati" (module does not exist, 0)
[  1444.220] (II) LoadModule: "modesetting"
[  1444.220] (II) Loading /usr/lib/xorg/modules/drivers/modesetting_drv.so
[  1444.220] (II) Module modesetting: vendor="X.Org Foundation"
[  1444.220] 	compiled for 1.21.1.8, module version = 1.21.1
[  1444.220] 	Module class: X.Org Video Driver
[  1444.220] 	ABI class: X.Org Video Driver, version 25.2
[  1444.220] (II) LoadModule: "fbdev"
[  1444.220] (WW) Warning, couldn't open module fbdev
[  1444.220] (EE) Failed to load module "fbdev" (module does not exist, 0)
[  1444.220] (II) LoadModule: "vesa"
[  1444.220] (II) Loading /usr/lib/xorg/modules/drivers/vesa_drv.so
[  1444.220] (II) Module vesa: vendor="X.Org Foundation"
[  1444.220] 	compiled for 1.21.1.4, module version = 2.6.0
[  1444.220] 	Module class: X.Org Video Driver
[  1444.220] 	ABI class: X.Org Video Driver, version 25.2
[  1444.220] (II) AMDGPU: Driver for AMD Radeon:
	All GPUs supported by the amdgpu kernel driver
[  1444.220] (II) modesetting: Driver for Modesetting Kernel Drivers: kms
[  1444.220] (II) VESA: driver for VESA chipsets: vesa
[  1444.220] xf86EnableIO: failed to enable I/O ports 0000-03ff (Operation not permitted)
[  1444.230] (WW) Falling back to old probe method for modesetting
[  1444.230] (WW) VGA arbiter: cannot open kernel arbiter, no multi-card support
[  1444.230] (II) AMDGPU(0): Creating default Display subsection in Screen section
	"Default Screen Section" for depth/fbbpp 24/32
[  1444.230] (==) AMDGPU(0): Depth 24, (--) framebuffer bpp 32
[  1444.230] (II) AMDGPU(0): Pixel depth = 24 bits stored in 4 bytes (32 bpp pixmaps)
[  1444.230] (==) AMDGPU(0): Default visual is TrueColor
[  1444.230] (II) Applying OutputClass "AMDgpu" options to /dev/dri/card0
[  1444.230] (==) AMDGPU(0): RGB weight 888
[  1444.230] (II) AMDGPU(0): Using 8 bits per RGB (8 bit DAC)
[  1444.230] (--) AMDGPU(0): Chipset: "AMD Radeon Vega 3 Graphics" (ChipID = 0x15d8)
[  1444.230] (II) Loading sub module "fb"
[  1444.230] (II) LoadModule: "fb"
[  1444.230] (II) Module "fb" already built-in
[  1444.230] (II) Loading sub module "dri2"
[  1444.230] (II) LoadModule: "dri2"
[  1444.230] (II) Module "dri2" already built-in
[  1444.253] (II) Loading sub module "glamoregl"
[  1444.253] (II) LoadModule: "glamoregl"
[  1444.254] (II) Loading /usr/lib/xorg/modules/libglamoregl.so
[  1444.257] (II) Module glamoregl: vendor="X.Org Foundation"
[  1444.257] 	compiled for 1.21.1.8, module version = 1.0.1
[  1444.257] 	ABI class: X.Org ANSI C Emulation, version 0.4
[  1444.266] (II) AMDGPU(0): glamor X acceleration enabled on AMD Radeon Vega 3 Graphics (raven, LLVM 15.0.7, DRM 3.49, 6.1.39-3-lts)
[  1444.266] (II) AMDGPU(0): glamor detected, initialising EGL layer.
[  1444.266] (==) AMDGPU(0): TearFree property default: auto
[  1444.266] (==) AMDGPU(0): VariableRefresh: disabled
[  1444.266] (==) AMDGPU(0): AsyncFlipSecondaries: disabled
[  1444.266] (II) AMDGPU(0): KMS Pageflipping: enabled
[  1444.267] (II) AMDGPU(0): Output DisplayPort-0 has no monitor section
[  1444.267] (II) AMDGPU(0): Output HDMI-A-0 has no monitor section
[  1444.267] (II) AMDGPU(0): Output HDMI-A-1 has no monitor section
[  1444.284] (II) AMDGPU(0): EDID for output DisplayPort-0
[  1444.284] (II) AMDGPU(0): Manufacturer: PHL  Model: c0af  Serial#: 29715
[  1444.284] (II) AMDGPU(0): Year: 2013  Week: 13
[  1444.284] (II) AMDGPU(0): EDID Version: 1.4
[  1444.284] (II) AMDGPU(0): Analog Display Input,  Input Voltage Level: 0.700/0.700 V
[  1444.284] (II) AMDGPU(0): Sync:  Separate  Composite  SyncOnGreen
[  1444.284] (II) AMDGPU(0): Max Image Size [cm]: horiz.: 41  vert.: 23
[  1444.284] (II) AMDGPU(0): Gamma: 2.20
[  1444.284] (II) AMDGPU(0): DPMS capabilities: Off; RGB/Color Display
[  1444.284] (II) AMDGPU(0): First detailed timing is preferred mode
[  1444.284] (II) AMDGPU(0): Preferred mode is native pixel format and refresh rate
[  1444.284] (II) AMDGPU(0): redX: 0.631 redY: 0.339   greenX: 0.323 greenY: 0.615
[  1444.284] (II) AMDGPU(0): blueX: 0.152 blueY: 0.047   whiteX: 0.313 whiteY: 0.329
[  1444.284] (II) AMDGPU(0): Supported established timings:
[  1444.284] (II) AMDGPU(0): 720x400@70Hz
[  1444.284] (II) AMDGPU(0): 640x480@60Hz
[  1444.284] (II) AMDGPU(0): 640x480@67Hz
[  1444.284] (II) AMDGPU(0): 640x480@72Hz
[  1444.284] (II) AMDGPU(0): 640x480@75Hz
[  1444.284] (II) AMDGPU(0): 800x600@60Hz
[  1444.284] (II) AMDGPU(0): 800x600@75Hz
[  1444.284] (II) AMDGPU(0): 1024x768@60Hz
[  1444.284] (II) AMDGPU(0): 1024x768@75Hz
[  1444.284] (II) AMDGPU(0): 1280x1024@75Hz
[  1444.284] (II) AMDGPU(0): Manufacturer's mask: 0
[  1444.284] (II) AMDGPU(0): Supported standard timings:
[  1444.284] (II) AMDGPU(0): #0: hsize: 1280  vsize 1024  refresh: 60  vid: 32897
[  1444.284] (II) AMDGPU(0): #1: hsize: 1280  vsize 720  refresh: 60  vid: 49281
[  1444.284] (II) AMDGPU(0): Supported detailed timing:
[  1444.284] (II) AMDGPU(0): clock: 85.5 MHz   Image Size:  410 x 230 mm
[  1444.284] (II) AMDGPU(0): h_active: 1366  h_sync: 1436  h_sync_end 1579 h_blank_end 1792 h_border: 0
[  1444.284] (II) AMDGPU(0): v_active: 768  v_sync: 771  v_sync_end 774 v_blanking: 798 v_border: 0
[  1444.284] (II) AMDGPU(0): Serial No: UK01313029715
[  1444.284] (II) AMDGPU(0): Monitor name: Philips 196V4
[  1444.284] (II) AMDGPU(0): Ranges: V min: 56 V max: 76 Hz, H min: 30 H max: 83 kHz, PixClock max 145 MHz
[  1444.284] (II) AMDGPU(0): EDID (in hex):
[  1444.284] (II) AMDGPU(0): 	00ffffffffffff00410cafc013740000
[  1444.284] (II) AMDGPU(0): 	0d1701046e2917782abe05a156529d27
[  1444.284] (II) AMDGPU(0): 	0c5054bd4b00818081c0010101010101
[  1444.284] (II) AMDGPU(0): 	010101010101662156aa51001e30468f
[  1444.284] (II) AMDGPU(0): 	33009ae61000001e000000ff00554b30
[  1444.284] (II) AMDGPU(0): 	31333133303239373135000000fc0050
[  1444.284] (II) AMDGPU(0): 	68696c697073203139365634000000fd
[  1444.284] (II) AMDGPU(0): 	00384c1e530e000a20202020202000e0
[  1444.284] (II) AMDGPU(0): Printing probed modes for output DisplayPort-0
[  1444.284] (II) AMDGPU(0): Modeline "1366x768"x59.8   85.50  1366 1436 1579 1792  768 771 774 798 +hsync +vsync (47.7 kHz eP)
[  1444.284] (II) AMDGPU(0): Modeline "1280x1024"x75.0  135.00  1280 1296 1440 1688  1024 1025 1028 1066 +hsync +vsync (80.0 kHz e)
[  1444.284] (II) AMDGPU(0): Modeline "1280x1024"x60.0  108.00  1280 1328 1440 1688  1024 1025 1028 1066 +hsync +vsync (64.0 kHz e)
[  1444.284] (II) AMDGPU(0): Modeline "1280x720"x60.0   74.25  1280 1390 1430 1650  720 725 730 750 +hsync +vsync (45.0 kHz e)
[  1444.284] (II) AMDGPU(0): Modeline "1024x768"x75.0   78.75  1024 1040 1136 1312  768 769 772 800 +hsync +vsync (60.0 kHz e)
[  1444.284] (II) AMDGPU(0): Modeline "1024x768"x60.0   65.00  1024 1048 1184 1344  768 771 777 806 -hsync -vsync (48.4 kHz e)
[  1444.284] (II) AMDGPU(0): Modeline "800x600"x75.0   49.50  800 816 896 1056  600 601 604 625 +hsync +vsync (46.9 kHz e)
[  1444.284] (II) AMDGPU(0): Modeline "800x600"x60.3   40.00  800 840 968 1056  600 601 605 628 +hsync +vsync (37.9 kHz e)
[  1444.284] (II) AMDGPU(0): Modeline "640x480"x75.0   31.50  640 656 720 840  480 481 484 500 -hsync -vsync (37.5 kHz e)
[  1444.284] (II) AMDGPU(0): Modeline "640x480"x72.8   31.50  640 664 704 832  480 489 492 520 -hsync -vsync (37.9 kHz e)
[  1444.284] (II) AMDGPU(0): Modeline "640x480"x66.7   30.24  640 704 768 864  480 483 486 525 -hsync -vsync (35.0 kHz e)
[  1444.284] (II) AMDGPU(0): Modeline "640x480"x59.9   25.18  640 656 752 800  480 490 492 525 -hsync -vsync (31.5 kHz e)
[  1444.284] (II) AMDGPU(0): Modeline "720x400"x70.1   28.32  720 738 846 900  400 412 414 449 -hsync +vsync (31.5 kHz e)
[  1444.284] (II) AMDGPU(0): EDID for output HDMI-A-0
[  1444.284] (II) AMDGPU(0): EDID for output HDMI-A-1
[  1444.284] (II) AMDGPU(0): Output DisplayPort-0 connected
[  1444.284] (II) AMDGPU(0): Output HDMI-A-0 disconnected
[  1444.284] (II) AMDGPU(0): Output HDMI-A-1 disconnected
[  1444.284] (II) AMDGPU(0): Using exact sizes for initial modes
[  1444.284] (II) AMDGPU(0): Output DisplayPort-0 using initial mode 1366x768 +0+0
[  1444.284] (II) AMDGPU(0): mem size init: gart size :bf995000 vram size: s:7e412000 visible:7e412000
[  1444.284] (==) AMDGPU(0): DPI set to (96, 96)
[  1444.284] (==) AMDGPU(0): Using gamma correction (1.0, 1.0, 1.0)
[  1444.284] (II) Loading sub module "ramdac"
[  1444.284] (II) LoadModule: "ramdac"
[  1444.284] (II) Module "ramdac" already built-in
[  1444.284] (II) UnloadModule: "modesetting"
[  1444.284] (II) Unloading modesetting
[  1444.284] (II) UnloadModule: "vesa"
[  1444.284] (II) Unloading vesa
[  1444.284] (II) AMDGPU(0): [DRI2] Setup complete
[  1444.284] (II) AMDGPU(0): [DRI2]   DRI driver: radeonsi
[  1444.284] (II) AMDGPU(0): [DRI2]   VDPAU driver: radeonsi
[  1444.292] (II) AMDGPU(0): Front buffer pitch: 5632 bytes
[  1444.292] (II) AMDGPU(0): SYNC extension fences enabled
[  1444.292] (II) AMDGPU(0): Present extension enabled
[  1444.292] (==) AMDGPU(0): DRI3 enabled
[  1444.292] (==) AMDGPU(0): Backing store enabled
[  1444.292] (II) AMDGPU(0): Direct rendering enabled
[  1444.318] (II) AMDGPU(0): Use GLAMOR acceleration.
[  1444.318] (II) AMDGPU(0): Acceleration enabled
[  1444.318] (==) AMDGPU(0): DPMS enabled
[  1444.318] (==) AMDGPU(0): Silken mouse enabled
[  1444.318] (II) AMDGPU(0): Set up textured video (glamor)
[  1444.333] (WW) AMDGPU(0): Option "HotplugDriver" is not used
[  1444.333] (II) Initializing extension Generic Event Extension
[  1444.333] (II) Initializing extension SHAPE
[  1444.333] (II) Initializing extension MIT-SHM
[  1444.333] (II) Initializing extension XInputExtension
[  1444.334] (II) Initializing extension XTEST
[  1444.334] (II) Initializing extension BIG-REQUESTS
[  1444.334] (II) Initializing extension SYNC
[  1444.334] (II) Initializing extension XKEYBOARD
[  1444.334] (II) Initializing extension XC-MISC
[  1444.334] (II) Initializing extension SECURITY
[  1444.334] (II) Initializing extension XFIXES
[  1444.334] (II) Initializing extension RENDER
[  1444.334] (II) Initializing extension RANDR
[  1444.334] (II) Initializing extension COMPOSITE
[  1444.334] (II) Initializing extension DAMAGE
[  1444.334] (II) Initializing extension MIT-SCREEN-SAVER
[  1444.334] (II) Initializing extension DOUBLE-BUFFER
[  1444.335] (II) Initializing extension RECORD
[  1444.335] (II) Initializing extension DPMS
[  1444.335] (II) Initializing extension Present
[  1444.335] (II) Initializing extension DRI3
[  1444.335] (II) Initializing extension X-Resource
[  1444.335] (II) Initializing extension XVideo
[  1444.335] (II) Initializing extension XVideo-MotionCompensation
[  1444.335] (II) Initializing extension GLX
[  1444.341] (II) AIGLX: Loaded and initialized radeonsi
[  1444.341] (II) GLX: Initialized DRI2 GL provider for screen 0
[  1444.341] (II) Initializing extension XFree86-VidModeExtension
[  1444.341] (II) Initializing extension XFree86-DGA
[  1444.341] (II) Initializing extension XFree86-DRI
[  1444.341] (II) Initializing extension DRI2
[  1444.342] (II) AMDGPU(0): Setting screen physical size to 361 x 203
[  1444.441] (II) config/udev: Adding input device Power Button (/dev/input/event1)
[  1444.442] (**) Power Button: Applying InputClass "libinput keyboard catchall"
[  1444.442] (II) LoadModule: "libinput"
[  1444.442] (II) Loading /usr/lib/xorg/modules/input/libinput_drv.so
[  1444.443] (II) Module libinput: vendor="X.Org Foundation"
[  1444.443] 	compiled for 1.21.1.8, module version = 1.3.0
[  1444.443] 	Module class: X.Org XInput Driver
[  1444.443] 	ABI class: X.Org XInput driver, version 24.4
[  1444.443] (II) Using input driver 'libinput' for 'Power Button'
[  1444.444] (II) systemd-logind: got fd for /dev/input/event1 13:65 fd 27 paused 0
[  1444.444] (**) Power Button: always reports core events
[  1444.444] (**) Option "Device" "/dev/input/event1"
[  1444.446] (II) event1  - Power Button: is tagged by udev as: Keyboard
[  1444.446] (II) event1  - Power Button: device is a keyboard
[  1444.446] (II) event1  - Power Button: device removed
[  1444.446] (**) Option "config_info" "udev:/sys/devices/LNXSYSTM:00/LNXPWRBN:00/input/input1/event1"
[  1444.446] (II) XINPUT: Adding extended input device "Power Button" (type: KEYBOARD, id 6)
[  1444.447] (II) event1  - Power Button: is tagged by udev as: Keyboard
[  1444.447] (II) event1  - Power Button: device is a keyboard
[  1444.448] (II) config/udev: Adding input device Video Bus (/dev/input/event2)
[  1444.448] (**) Video Bus: Applying InputClass "libinput keyboard catchall"
[  1444.448] (II) Using input driver 'libinput' for 'Video Bus'
[  1444.449] (II) systemd-logind: got fd for /dev/input/event2 13:66 fd 30 paused 0
[  1444.449] (**) Video Bus: always reports core events
[  1444.449] (**) Option "Device" "/dev/input/event2"
[  1444.450] (II) event2  - Video Bus: is tagged by udev as: Keyboard
[  1444.450] (II) event2  - Video Bus: device is a keyboard
[  1444.450] (II) event2  - Video Bus: device removed
[  1444.450] (**) Option "config_info" "udev:/sys/devices/LNXSYSTM:00/LNXSYBUS:00/PNP0A08:00/device:01/LNXVIDEO:00/input/input2/event2"
[  1444.450] (II) XINPUT: Adding extended input device "Video Bus" (type: KEYBOARD, id 7)
[  1444.451] (II) event2  - Video Bus: is tagged by udev as: Keyboard
[  1444.451] (II) event2  - Video Bus: device is a keyboard
[  1444.452] (II) config/udev: Adding input device Power Button (/dev/input/event0)
[  1444.452] (**) Power Button: Applying InputClass "libinput keyboard catchall"
[  1444.452] (II) Using input driver 'libinput' for 'Power Button'
[  1444.452] (II) systemd-logind: got fd for /dev/input/event0 13:64 fd 31 paused 0
[  1444.452] (**) Power Button: always reports core events
[  1444.452] (**) Option "Device" "/dev/input/event0"
[  1444.453] (II) event0  - Power Button: is tagged by udev as: Keyboard
[  1444.453] (II) event0  - Power Button: device is a keyboard
[  1444.453] (II) event0  - Power Button: device removed
[  1444.453] (**) Option "config_info" "udev:/sys/devices/LNXSYSTM:00/LNXSYBUS:00/PNP0C0C:00/input/input0/event0"
[  1444.453] (II) XINPUT: Adding extended input device "Power Button" (type: KEYBOARD, id 8)
[  1444.454] (II) event0  - Power Button: is tagged by udev as: Keyboard
[  1444.454] (II) event0  - Power Button: device is a keyboard
[  1444.454] (II) config/udev: Adding input device  USB OPTICAL MOUSE (/dev/input/event3)
[  1444.454] (**)  USB OPTICAL MOUSE: Applying InputClass "libinput pointer catchall"
[  1444.454] (II) Using input driver 'libinput' for ' USB OPTICAL MOUSE'
[  1444.510] (II) systemd-logind: got fd for /dev/input/event3 13:67 fd 32 paused 0
[  1444.510] (**)  USB OPTICAL MOUSE: always reports core events
[  1444.510] (**) Option "Device" "/dev/input/event3"
[  1444.512] (II) event3  -  USB OPTICAL MOUSE: is tagged by udev as: Mouse
[  1444.512] (II) event3  -  USB OPTICAL MOUSE: device is a pointer
[  1444.513] (II) event3  -  USB OPTICAL MOUSE: device removed
[  1444.513] (II) libinput:  USB OPTICAL MOUSE: Step value 0 was provided, libinput Fallback acceleration function is used.
[  1444.513] (II) libinput:  USB OPTICAL MOUSE: Step value 0 was provided, libinput Fallback acceleration function is used.
[  1444.513] (II) libinput:  USB OPTICAL MOUSE: Step value 0 was provided, libinput Fallback acceleration function is used.
[  1444.513] (**) Option "config_info" "udev:/sys/devices/pci0000:00/0000:00:01.2/0000:01:00.0/usb1/1-4/1-4:1.0/0003:0000:3825.0001/input/input4/event3"
[  1444.513] (II) XINPUT: Adding extended input device " USB OPTICAL MOUSE" (type: MOUSE, id 9)
[  1444.513] (**) Option "AccelerationScheme" "none"
[  1444.513] (**)  USB OPTICAL MOUSE: (accel) selected scheme none/0
[  1444.513] (**)  USB OPTICAL MOUSE: (accel) acceleration factor: 2.000
[  1444.513] (**)  USB OPTICAL MOUSE: (accel) acceleration threshold: 4
[  1444.515] (II) event3  -  USB OPTICAL MOUSE: is tagged by udev as: Mouse
[  1444.516] (II) event3  -  USB OPTICAL MOUSE: device is a pointer
[  1444.517] (II) config/udev: Adding input device  USB OPTICAL MOUSE (/dev/input/mouse0)
[  1444.517] (II) No input driver specified, ignoring this device.
[  1444.517] (II) This device may have been added with another device file.
[  1444.519] (II) config/udev: Adding input device SIGMACHIP USB Keyboard (/dev/input/event4)
[  1444.519] (**) SIGMACHIP USB Keyboard: Applying InputClass "libinput keyboard catchall"
[  1444.519] (II) Using input driver 'libinput' for 'SIGMACHIP USB Keyboard'
[  1444.520] (II) systemd-logind: got fd for /dev/input/event4 13:68 fd 33 paused 0
[  1444.520] (**) SIGMACHIP USB Keyboard: always reports core events
[  1444.520] (**) Option "Device" "/dev/input/event4"
[  1444.522] (II) event4  - SIGMACHIP USB Keyboard: is tagged by udev as: Keyboard
[  1444.522] (II) event4  - SIGMACHIP USB Keyboard: device is a keyboard
[  1444.523] (II) event4  - SIGMACHIP USB Keyboard: device removed
[  1444.523] (**) Option "config_info" "udev:/sys/devices/pci0000:00/0000:00:01.2/0000:01:00.0/usb1/1-5/1-5:1.0/0003:1C4F:0002.0002/input/input5/event4"
[  1444.523] (II) XINPUT: Adding extended input device "SIGMACHIP USB Keyboard" (type: KEYBOARD, id 10)
[  1444.525] (II) event4  - SIGMACHIP USB Keyboard: is tagged by udev as: Keyboard
[  1444.525] (II) event4  - SIGMACHIP USB Keyboard: device is a keyboard
[  1444.527] (II) config/udev: Adding input device SIGMACHIP USB Keyboard Consumer Control (/dev/input/event5)
[  1444.527] (**) SIGMACHIP USB Keyboard Consumer Control: Applying InputClass "libinput keyboard catchall"
[  1444.527] (II) Using input driver 'libinput' for 'SIGMACHIP USB Keyboard Consumer Control'
[  1444.528] (II) systemd-logind: got fd for /dev/input/event5 13:69 fd 34 paused 0
[  1444.528] (**) SIGMACHIP USB Keyboard Consumer Control: always reports core events
[  1444.528] (**) Option "Device" "/dev/input/event5"
[  1444.531] (II) event5  - SIGMACHIP USB Keyboard Consumer Control: is tagged by udev as: Keyboard
[  1444.531] (II) event5  - SIGMACHIP USB Keyboard Consumer Control: device is a keyboard
[  1444.531] (II) event5  - SIGMACHIP USB Keyboard Consumer Control: device removed
[  1444.531] (II) libinput: SIGMACHIP USB Keyboard Consumer Control: needs a virtual subdevice
[  1444.531] (**) Option "config_info" "udev:/sys/devices/pci0000:00/0000:00:01.2/0000:01:00.0/usb1/1-5/1-5:1.1/0003:1C4F:0002.0003/input/input6/event5"
[  1444.531] (II) XINPUT: Adding extended input device "SIGMACHIP USB Keyboard Consumer Control" (type: MOUSE, id 11)
[  1444.531] (**) Option "AccelerationScheme" "none"
[  1444.531] (**) SIGMACHIP USB Keyboard Consumer Control: (accel) selected scheme none/0
[  1444.531] (**) SIGMACHIP USB Keyboard Consumer Control: (accel) acceleration factor: 2.000
[  1444.531] (**) SIGMACHIP USB Keyboard Consumer Control: (accel) acceleration threshold: 4
[  1444.534] (II) event5  - SIGMACHIP USB Keyboard Consumer Control: is tagged by udev as: Keyboard
[  1444.534] (II) event5  - SIGMACHIP USB Keyboard Consumer Control: device is a keyboard
[  1444.536] (II) config/udev: Adding input device SIGMACHIP USB Keyboard System Control (/dev/input/event6)
[  1444.536] (**) SIGMACHIP USB Keyboard System Control: Applying InputClass "libinput keyboard catchall"
[  1444.536] (II) Using input driver 'libinput' for 'SIGMACHIP USB Keyboard System Control'
[  1444.537] (II) systemd-logind: got fd for /dev/input/event6 13:70 fd 35 paused 0
[  1444.537] (**) SIGMACHIP USB Keyboard System Control: always reports core events
[  1444.537] (**) Option "Device" "/dev/input/event6"
[  1444.539] (II) event6  - SIGMACHIP USB Keyboard System Control: is tagged by udev as: Keyboard
[  1444.539] (II) event6  - SIGMACHIP USB Keyboard System Control: device is a keyboard
[  1444.539] (II) event6  - SIGMACHIP USB Keyboard System Control: device removed
[  1444.540] (**) Option "config_info" "udev:/sys/devices/pci0000:00/0000:00:01.2/0000:01:00.0/usb1/1-5/1-5:1.1/0003:1C4F:0002.0003/input/input7/event6"
[  1444.540] (II) XINPUT: Adding extended input device "SIGMACHIP USB Keyboard System Control" (type: KEYBOARD, id 12)
[  1444.542] (II) event6  - SIGMACHIP USB Keyboard System Control: is tagged by udev as: Keyboard
[  1444.542] (II) event6  - SIGMACHIP USB Keyboard System Control: device is a keyboard
[  1444.544] (II) config/udev: Adding input device HD-Audio Generic HDMI/DP,pcm=7 (/dev/input/event9)
[  1444.544] (II) No input driver specified, ignoring this device.
[  1444.544] (II) This device may have been added with another device file.
[  1444.544] (II) config/udev: Adding input device HD-Audio Generic HDMI/DP,pcm=8 (/dev/input/event10)
[  1444.544] (II) No input driver specified, ignoring this device.
[  1444.544] (II) This device may have been added with another device file.
[  1444.545] (II) config/udev: Adding input device HD-Audio Generic HDMI/DP,pcm=3 (/dev/input/event8)
[  1444.545] (II) No input driver specified, ignoring this device.
[  1444.545] (II) This device may have been added with another device file.
[  1444.546] (II) config/udev: Adding input device HD-Audio Generic Rear Mic (/dev/input/event11)
[  1444.546] (II) No input driver specified, ignoring this device.
[  1444.546] (II) This device may have been added with another device file.
[  1444.546] (II) config/udev: Adding input device HD-Audio Generic Front Mic (/dev/input/event12)
[  1444.546] (II) No input driver specified, ignoring this device.
[  1444.546] (II) This device may have been added with another device file.
[  1444.547] (II) config/udev: Adding input device HD-Audio Generic Line (/dev/input/event13)
[  1444.547] (II) No input driver specified, ignoring this device.
[  1444.547] (II) This device may have been added with another device file.
[  1444.548] (II) config/udev: Adding input device HD-Audio Generic Line Out (/dev/input/event14)
[  1444.548] (II) No input driver specified, ignoring this device.
[  1444.548] (II) This device may have been added with another device file.
[  1444.548] (II) config/udev: Adding input device HD-Audio Generic Front Headphone (/dev/input/event15)
[  1444.548] (II) No input driver specified, ignoring this device.
[  1444.548] (II) This device may have been added with another device file.
[  1444.549] (II) config/udev: Adding input device PC Speaker (/dev/input/event7)
[  1444.549] (II) No input driver specified, ignoring this device.
[  1444.549] (II) This device may have been added with another device file.
[  1444.560] (**) SIGMACHIP USB Keyboard Consumer Control: Applying InputClass "libinput keyboard catchall"
[  1444.560] (II) Using input driver 'libinput' for 'SIGMACHIP USB Keyboard Consumer Control'
[  1444.560] (II) systemd-logind: returning pre-existing fd for /dev/input/event5 13:69
[  1444.561] (**) SIGMACHIP USB Keyboard Consumer Control: always reports core events
[  1444.561] (**) Option "Device" "/dev/input/event5"
[  1444.561] (II) libinput: SIGMACHIP USB Keyboard Consumer Control: is a virtual subdevice
[  1444.561] (**) Option "config_info" "udev:/sys/devices/pci0000:00/0000:00:01.2/0000:01:00.0/usb1/1-5/1-5:1.1/0003:1C4F:0002.0003/input/input6/event5"
[  1444.561] (II) XINPUT: Adding extended input device "SIGMACHIP USB Keyboard Consumer Control" (type: KEYBOARD, id 13)
[  1444.583] (**) Option "fd" "27"
[  1444.583] (II) event1  - Power Button: device removed
[  1444.583] (**) Option "fd" "30"
[  1444.583] (II) event2  - Video Bus: device removed
[  1444.583] (**) Option "fd" "31"
[  1444.583] (II) event0  - Power Button: device removed
[  1444.583] (**) Option "fd" "32"
[  1444.583] (II) event3  -  USB OPTICAL MOUSE: device removed
[  1444.583] (**) Option "fd" "33"
[  1444.583] (II) event4  - SIGMACHIP USB Keyboard: device removed
[  1444.583] (**) Option "fd" "34"
[  1444.583] (**) Option "fd" "35"
[  1444.583] (II) event6  - SIGMACHIP USB Keyboard System Control: device removed
[  1444.583] (**) Option "fd" "34"
[  1444.583] (II) event5  - SIGMACHIP USB Keyboard Consumer Control: device removed
[  1444.583] (II) UnloadModule: "libinput"
[  1444.583] (II) systemd-logind: not releasing fd for 13:69, still in use
[  1444.583] (II) UnloadModule: "libinput"
[  1444.583] (II) systemd-logind: releasing fd for 13:70
[  1444.584] (II) UnloadModule: "libinput"
[  1444.584] (II) systemd-logind: releasing fd for 13:69
[  1444.585] (II) UnloadModule: "libinput"
[  1444.585] (II) systemd-logind: releasing fd for 13:68
[  1444.585] (II) UnloadModule: "libinput"
[  1444.585] (II) systemd-logind: releasing fd for 13:67
[  1444.586] (II) UnloadModule: "libinput"
[  1444.586] (II) systemd-logind: releasing fd for 13:64
[  1444.586] (II) UnloadModule: "libinput"
[  1444.586] (II) systemd-logind: releasing fd for 13:66
[  1444.587] (II) UnloadModule: "libinput"
[  1444.587] (II) systemd-logind: releasing fd for 13:65
[  1444.603] (II) Server terminated successfully (0). Closing log file.
