2023-08-06 18:26:00.757 [info] Added views:workbench.panel.markers.view in workbench.panel.markers
2023-08-06 18:26:00.757 [info] Added views:workbench.panel.output in workbench.panel.output
2023-08-06 18:26:00.757 [info] Added views:terminal in terminal
2023-08-06 18:26:00.757 [info] Added views:outline in workbench.view.explorer
2023-08-06 18:26:00.757 [info] Added views:workbench.scm in workbench.view.scm
2023-08-06 18:26:00.757 [info] Added views:workbench.view.search in workbench.view.search
2023-08-06 18:26:00.757 [info] Added views:timeline in workbench.view.explorer
2023-08-06 18:26:00.757 [info] Added views:workbench.explorer.fileView in workbench.view.explorer
2023-08-06 18:26:01.597 [info] Added views:workbench.debug.welcome in workbench.view.debug
2023-08-06 18:26:01.632 [info] Added views:workbench.panel.repl.view in workbench.panel.repl
2023-08-06 18:26:07.906 [info] Added views:workbench.views.extensions.installed,workbench.views.extensions.popular,extensions.recommendedList in workbench.view.extensions
2023-08-06 18:26:07.909 [info] Removed views:workbench.views.extensions.popular from workbench.view.extensions
2023-08-06 18:26:08.298 [info] Added views:workbench.views.extensions.popular in workbench.view.extensions
2023-08-06 18:26:12.514 [info] Removed views:extensions.recommendedList,workbench.views.extensions.popular,workbench.views.extensions.installed from workbench.view.extensions
2023-08-06 18:26:12.541 [info] Added views:workbench.views.extensions.marketplace in workbench.view.extensions
2023-08-06 18:26:22.647 [info] Removed views:workbench.views.extensions.marketplace from workbench.view.extensions
2023-08-06 18:26:22.685 [info] Added views:workbench.views.extensions.installed,workbench.views.extensions.popular,extensions.recommendedList in workbench.view.extensions
2023-08-06 18:26:23.366 [info] Removed views:extensions.recommendedList,workbench.views.extensions.popular,workbench.views.extensions.installed from workbench.view.extensions
2023-08-06 18:26:23.397 [info] Added views:workbench.views.extensions.marketplace in workbench.view.extensions
2023-08-06 18:30:06.030 [info] Added views:workbench.panel.markers.view in workbench.panel.markers
2023-08-06 18:30:06.030 [info] Added views:workbench.panel.output in workbench.panel.output
2023-08-06 18:30:06.030 [info] Added views:terminal in terminal
2023-08-06 18:30:06.030 [info] Added views:outline in workbench.view.explorer
2023-08-06 18:30:06.030 [info] Added views:workbench.scm in workbench.view.scm
2023-08-06 18:30:06.030 [info] Added views:workbench.view.search in workbench.view.search
2023-08-06 18:30:06.030 [info] Added views:timeline in workbench.view.explorer
2023-08-06 18:30:06.030 [info] Added views:workbench.explorer.fileView in workbench.view.explorer
2023-08-06 18:30:06.285 [info] Added views:workbench.debug.welcome in workbench.view.debug
2023-08-06 18:30:06.883 [info] Added views:workbench.panel.repl.view in workbench.panel.repl
2023-08-06 18:30:08.209 [info] Added views:workbench.views.extensions.installed,extensions.recommendedList in workbench.view.extensions
2023-08-06 18:32:09.363 [info] Added views:workbench.panel.markers.view in workbench.panel.markers
2023-08-06 18:32:09.363 [info] Added views:workbench.panel.output in workbench.panel.output
2023-08-06 18:32:09.363 [info] Added views:terminal in terminal
2023-08-06 18:32:09.363 [info] Added views:outline in workbench.view.explorer
2023-08-06 18:32:09.363 [info] Added views:workbench.scm in workbench.view.scm
2023-08-06 18:32:09.363 [info] Added views:workbench.view.search in workbench.view.search
2023-08-06 18:32:09.363 [info] Added views:timeline in workbench.view.explorer
2023-08-06 18:32:09.363 [info] Added views:workbench.explorer.fileView in workbench.view.explorer
2023-08-06 18:32:09.494 [info] Added views:workbench.debug.welcome in workbench.view.debug
2023-08-06 18:32:10.246 [info] Added views:workbench.panel.repl.view in workbench.panel.repl
2023-08-06 18:32:11.723 [info] Added views:workbench.views.extensions.installed,extensions.recommendedList in workbench.view.extensions
2023-08-06 18:32:33.273 [info] Added views:workbench.panel.markers.view in workbench.panel.markers
2023-08-06 18:32:33.273 [info] Added views:workbench.panel.output in workbench.panel.output
2023-08-06 18:32:33.273 [info] Added views:terminal in terminal
2023-08-06 18:32:33.273 [info] Added views:outline in workbench.view.explorer
2023-08-06 18:32:33.273 [info] Added views:workbench.scm in workbench.view.scm
2023-08-06 18:32:33.273 [info] Added views:workbench.view.search in workbench.view.search
2023-08-06 18:32:33.273 [info] Added views:timeline in workbench.view.explorer
2023-08-06 18:32:33.273 [info] Added views:workbench.explorer.fileView in workbench.view.explorer
2023-08-06 18:32:33.441 [info] Added views:workbench.debug.welcome in workbench.view.debug
2023-08-06 18:32:34.031 [info] Added views:workbench.panel.repl.view in workbench.panel.repl
2023-08-06 18:32:34.653 [info] Added views:workbench.views.extensions.installed,extensions.recommendedList in workbench.view.extensions
2023-08-06 18:34:10.184 [info] Added views:workbench.panel.markers.view in workbench.panel.markers
2023-08-06 18:34:10.185 [info] Added views:workbench.panel.output in workbench.panel.output
2023-08-06 18:34:10.185 [info] Added views:terminal in terminal
2023-08-06 18:34:10.185 [info] Added views:outline in workbench.view.explorer
2023-08-06 18:34:10.185 [info] Added views:workbench.scm in workbench.view.scm
2023-08-06 18:34:10.185 [info] Added views:workbench.view.search in workbench.view.search
2023-08-06 18:34:10.185 [info] Added views:timeline in workbench.view.explorer
2023-08-06 18:34:10.185 [info] Added views:workbench.explorer.fileView in workbench.view.explorer
2023-08-06 18:34:10.391 [info] Added views:workbench.debug.welcome in workbench.view.debug
2023-08-06 18:34:11.001 [info] Added views:workbench.panel.repl.view in workbench.panel.repl
2023-08-06 18:34:12.345 [info] Added views:workbench.views.extensions.installed,extensions.recommendedList in workbench.view.extensions
2023-08-06 18:34:41.135 [info] Added views:workbench.panel.markers.view in workbench.panel.markers
2023-08-06 18:34:41.135 [info] Added views:workbench.panel.output in workbench.panel.output
2023-08-06 18:34:41.135 [info] Added views:terminal in terminal
2023-08-06 18:34:41.135 [info] Added views:outline in workbench.view.explorer
2023-08-06 18:34:41.135 [info] Added views:workbench.scm in workbench.view.scm
2023-08-06 18:34:41.135 [info] Added views:workbench.view.search in workbench.view.search
2023-08-06 18:34:41.135 [info] Added views:timeline in workbench.view.explorer
2023-08-06 18:34:41.135 [info] Added views:workbench.explorer.fileView in workbench.view.explorer
2023-08-06 18:34:41.268 [info] Added views:workbench.debug.welcome in workbench.view.debug
2023-08-06 18:34:41.870 [info] Added views:workbench.panel.repl.view in workbench.panel.repl
2023-08-06 18:34:43.641 [info] Added views:workbench.views.extensions.installed,extensions.recommendedList in workbench.view.extensions
2023-08-06 18:35:27.866 [info] Added views:workbench.panel.markers.view in workbench.panel.markers
2023-08-06 18:35:27.866 [info] Added views:workbench.panel.output in workbench.panel.output
2023-08-06 18:35:27.866 [info] Added views:terminal in terminal
2023-08-06 18:35:27.866 [info] Added views:outline in workbench.view.explorer
2023-08-06 18:35:27.866 [info] Added views:workbench.scm in workbench.view.scm
2023-08-06 18:35:27.866 [info] Added views:workbench.view.search in workbench.view.search
2023-08-06 18:35:27.866 [info] Added views:timeline in workbench.view.explorer
2023-08-06 18:35:27.866 [info] Added views:workbench.explorer.fileView in workbench.view.explorer
2023-08-06 18:35:28.110 [info] Added views:workbench.debug.welcome in workbench.view.debug
2023-08-06 18:35:28.774 [info] Added views:workbench.panel.repl.view in workbench.panel.repl
2023-08-06 18:35:30.172 [info] Added views:workbench.views.extensions.installed,extensions.recommendedList in workbench.view.extensions
2023-08-06 18:36:20.339 [info] Added views:workbench.panel.markers.view in workbench.panel.markers
2023-08-06 18:36:20.339 [info] Added views:workbench.panel.output in workbench.panel.output
2023-08-06 18:36:20.339 [info] Added views:terminal in terminal
2023-08-06 18:36:20.339 [info] Added views:outline in workbench.view.explorer
2023-08-06 18:36:20.339 [info] Added views:workbench.scm in workbench.view.scm
2023-08-06 18:36:20.339 [info] Added views:workbench.view.search in workbench.view.search
2023-08-06 18:36:20.339 [info] Added views:timeline in workbench.view.explorer
2023-08-06 18:36:20.339 [info] Added views:workbench.explorer.fileView in workbench.view.explorer
2023-08-06 18:36:20.636 [info] Added views:workbench.debug.welcome in workbench.view.debug
2023-08-06 18:36:21.133 [info] Added views:workbench.panel.repl.view in workbench.panel.repl
2023-08-06 18:36:22.596 [info] Added views:workbench.views.extensions.installed,extensions.recommendedList in workbench.view.extensions
