2023-08-06 20:53:16.906 [info] Log level: Info
2023-08-06 20:53:16.906 [info] Validating found git in: "git"
2023-08-06 20:53:16.906 [info] Using git "2.41.0" from "git"
2023-08-06 20:53:16.906 [info] > git rev-parse --show-toplevel [5ms]
2023-08-06 20:53:16.906 [info] fatal: not a git repository (or any parent up to mount point /)
Stopping at filesystem boundary (GIT_DISCOVERY_ACROSS_FILESYSTEM not set).
2023-08-06 20:53:16.908 [info] > git rev-parse --show-toplevel [2ms]
2023-08-06 20:53:16.908 [info] fatal: not a git repository (or any parent up to mount point /)
Stopping at filesystem boundary (GIT_DISCOVERY_ACROSS_FILESYSTEM not set).
2023-08-06 20:53:16.924 [info] > git rev-parse --show-toplevel [5ms]
2023-08-06 20:53:16.924 [info] fatal: not a git repository (or any parent up to mount point /)
Stopping at filesystem boundary (GIT_DISCOVERY_ACROSS_FILESYSTEM not set).
2023-08-06 20:53:17.306 [info] > git rev-parse --show-toplevel [8ms]
2023-08-06 20:53:17.306 [info] fatal: not a git repository (or any parent up to mount point /)
Stopping at filesystem boundary (GIT_DISCOVERY_ACROSS_FILESYSTEM not set).
2023-08-06 20:53:17.378 [info] > git rev-parse --show-toplevel [2ms]
2023-08-06 20:53:17.378 [info] fatal: not a git repository (or any parent up to mount point /)
Stopping at filesystem boundary (GIT_DISCOVERY_ACROSS_FILESYSTEM not set).
2023-08-06 20:53:17.686 [info] > git rev-parse --show-toplevel [6ms]
2023-08-06 20:53:17.686 [info] fatal: not a git repository (or any parent up to mount point /)
Stopping at filesystem boundary (GIT_DISCOVERY_ACROSS_FILESYSTEM not set).
2023-08-06 21:19:21.464 [info] > git rev-parse --show-toplevel [2ms]
2023-08-06 21:19:21.465 [info] fatal: not a git repository (or any parent up to mount point /)
Stopping at filesystem boundary (GIT_DISCOVERY_ACROSS_FILESYSTEM not set).
2023-08-06 21:19:21.477 [info] > git rev-parse --show-toplevel [3ms]
2023-08-06 21:19:21.477 [info] fatal: not a git repository (or any parent up to mount point /)
Stopping at filesystem boundary (GIT_DISCOVERY_ACROSS_FILESYSTEM not set).
2023-08-06 21:19:24.984 [info] > git rev-parse --show-toplevel [2ms]
2023-08-06 21:19:24.984 [info] fatal: not a git repository (or any parent up to mount point /)
Stopping at filesystem boundary (GIT_DISCOVERY_ACROSS_FILESYSTEM not set).
