2023-08-06 20:40:46.117 [info] Log level: Info
2023-08-06 20:40:46.117 [info] Validating found git in: "git"
2023-08-06 20:40:46.117 [info] Using git "2.41.0" from "git"
2023-08-06 20:40:46.117 [info] > git rev-parse --show-toplevel [36ms]
2023-08-06 20:40:46.117 [info] fatal: not a git repository (or any parent up to mount point /)
Stopping at filesystem boundary (GIT_DISCOVERY_ACROSS_FILESYSTEM not set).
2023-08-06 20:40:46.117 [info] > git rev-parse --show-toplevel [36ms]
2023-08-06 20:40:46.117 [info] fatal: not a git repository (or any parent up to mount point /)
Stopping at filesystem boundary (GIT_DISCOVERY_ACROSS_FILESYSTEM not set).
2023-08-06 20:40:46.124 [info] > git rev-parse --show-toplevel [1ms]
2023-08-06 20:40:46.124 [info] fatal: not a git repository (or any parent up to mount point /)
Stopping at filesystem boundary (GIT_DISCOVERY_ACROSS_FILESYSTEM not set).
2023-08-06 20:40:46.134 [info] > git rev-parse --show-toplevel [2ms]
2023-08-06 20:40:46.134 [info] fatal: not a git repository (or any parent up to mount point /)
Stopping at filesystem boundary (GIT_DISCOVERY_ACROSS_FILESYSTEM not set).
2023-08-06 20:40:46.233 [info] > git rev-parse --show-toplevel [3ms]
2023-08-06 20:40:46.233 [info] fatal: not a git repository (or any parent up to mount point /)
Stopping at filesystem boundary (GIT_DISCOVERY_ACROSS_FILESYSTEM not set).
2023-08-06 20:40:46.316 [info] > git rev-parse --show-toplevel [3ms]
2023-08-06 20:40:46.316 [info] fatal: not a git repository (or any parent up to mount point /)
Stopping at filesystem boundary (GIT_DISCOVERY_ACROSS_FILESYSTEM not set).
2023-08-06 20:40:46.408 [info] > git rev-parse --show-toplevel [2ms]
2023-08-06 20:40:46.408 [info] fatal: not a git repository (or any parent up to mount point /)
Stopping at filesystem boundary (GIT_DISCOVERY_ACROSS_FILESYSTEM not set).
2023-08-06 20:40:46.612 [info] > git rev-parse --show-toplevel [3ms]
2023-08-06 20:40:46.612 [info] fatal: not a git repository (or any parent up to mount point /)
Stopping at filesystem boundary (GIT_DISCOVERY_ACROSS_FILESYSTEM not set).
2023-08-06 20:40:46.838 [info] > git rev-parse --show-toplevel [3ms]
2023-08-06 20:40:46.838 [info] fatal: not a git repository (or any parent up to mount point /)
Stopping at filesystem boundary (GIT_DISCOVERY_ACROSS_FILESYSTEM not set).
