Traceback (most recent call last):
  File "/usr/bin/qtile", line 8, in <module>
    sys.exit(main())
             ^^^^^^
  File "/usr/lib/python3.11/site-packages/libqtile/scripts/main.py", line 66, in main
    options.func(options)
  File "/usr/lib/python3.11/site-packages/libqtile/scripts/start.py", line 88, in start
    q = make_qtile(options)
        ^^^^^^^^^^^^^^^^^^^
  File "/usr/lib/python3.11/site-packages/libqtile/scripts/start.py", line 51, in make_qtile
    kore = libqtile.backend.get_core(options.backend)
           ^^^^^^^^^^^^^^^^^^^^^^^^^^^^^^^^^^^^^^^^^^
  File "/usr/lib/python3.11/site-packages/libqtile/backend/__init__.py", line 15, in get_core
    return importlib.import_module(f"libqtile.backend.{backend}.core").Core(*args)
           ^^^^^^^^^^^^^^^^^^^^^^^^^^^^^^^^^^^^^^^^^^^^^^^^^^^^^^^^^^^
  File "/usr/lib/python3.11/importlib/__init__.py", line 126, in import_module
    return _bootstrap._gcd_import(name[level:], package, level)
           ^^^^^^^^^^^^^^^^^^^^^^^^^^^^^^^^^^^^^^^^^^^^^^^^^^^^
  File "<frozen importlib._bootstrap>", line 1206, in _gcd_import
  File "<frozen importlib._bootstrap>", line 1178, in _find_and_load
  File "<frozen importlib._bootstrap>", line 1128, in _find_and_load_unlocked
  File "<frozen importlib._bootstrap>", line 241, in _call_with_frames_removed
  File "<frozen importlib._bootstrap>", line 1206, in _gcd_import
  File "<frozen importlib._bootstrap>", line 1178, in _find_and_load
  File "<frozen importlib._bootstrap>", line 1149, in _find_and_load_unlocked
  File "<frozen importlib._bootstrap>", line 690, in _load_unlocked
  File "<frozen importlib._bootstrap_external>", line 940, in exec_module
  File "<frozen importlib._bootstrap>", line 241, in _call_with_frames_removed
  File "/usr/lib/python3.11/site-packages/libqtile/backend/wayland/__init__.py", line 2, in <module>
    from libqtile.backend.wayland.inputs import InputConfig  # noqa: F401
    ^^^^^^^^^^^^^^^^^^^^^^^^^^^^^^^^^^^^^^^^^^^^^^^^^^^^^^^
  File "/usr/lib/python3.11/site-packages/libqtile/backend/wayland/inputs.py", line 26, in <module>
    from pywayland.protocol.wayland import WlKeyboard
ModuleNotFoundError: No module named 'pywayland'
