2023-08-06 18:25:59.819 [info] update#setState idle
2023-08-06 18:26:29.826 [info] update#setState checking for updates
2023-08-06 18:26:30.165 [info] update#setState idle
2023-08-06 18:30:05.406 [info] Extension host with pid 5018 exited with code: 0, signal: unknown.
2023-08-06 18:30:05.418 [error] [UtilityProcessWorker]: terminated unexpectedly with code 15, signal: unknown
2023-08-06 18:30:05.419 [error] [UtilityProcess id: 1, type: fileWatcher, pid: 4992]: crashed with code 15 and reason 'killed'
2023-08-06 18:32:08.721 [info] Extension host with pid 9904 exited with code: 0, signal: unknown.
2023-08-06 18:32:08.734 [error] [UtilityProcess id: 1, type: fileWatcher, pid: 9903]: crashed with code 15 and reason 'killed'
2023-08-06 18:32:32.756 [info] Extension host with pid 12334 exited with code: 0, signal: unknown.
2023-08-06 18:32:32.765 [error] [UtilityProcessWorker]: terminated unexpectedly with code 15, signal: unknown
2023-08-06 18:32:32.765 [error] [UtilityProcess id: 1, type: fileWatcher, pid: 12333]: crashed with code 15 and reason 'killed'
2023-08-06 18:34:09.520 [info] Extension host with pid 12837 exited with code: 0, signal: unknown.
2023-08-06 18:34:09.557 [error] [UtilityProcessWorker]: terminated unexpectedly with code 15, signal: unknown
2023-08-06 18:34:09.557 [error] [UtilityProcess id: 1, type: fileWatcher, pid: 12836]: crashed with code 15 and reason 'killed'
2023-08-06 18:34:40.475 [info] Extension host with pid 14817 exited with code: 0, signal: unknown.
2023-08-06 18:35:27.227 [info] Extension host with pid 15459 exited with code: 0, signal: unknown.
2023-08-06 18:35:27.247 [error] [UtilityProcessWorker]: terminated unexpectedly with code 15, signal: unknown
2023-08-06 18:35:27.247 [error] [UtilityProcess id: 1, type: fileWatcher, pid: 15460]: crashed with code 15 and reason 'killed'
2023-08-06 18:36:19.687 [info] Extension host with pid 16398 exited with code: 0, signal: unknown.
2023-08-06 18:36:19.695 [error] [UtilityProcessWorker]: terminated unexpectedly with code 15, signal: unknown
2023-08-06 18:36:19.695 [error] [UtilityProcess id: 1, type: fileWatcher, pid: 16399]: crashed with code 15 and reason 'killed'
2023-08-06 18:39:30.965 [info] Extension host with pid 17494 exited with code: 0, signal: unknown.
