2023-08-06 20:19:12.423 [info] Log level: Info
2023-08-06 20:19:12.423 [info] Validating found git in: "git"
2023-08-06 20:19:12.423 [info] Using git "2.41.0" from "git"
2023-08-06 20:19:12.423 [info] > git rev-parse --show-toplevel [37ms]
2023-08-06 20:19:12.423 [info] fatal: not a git repository (or any parent up to mount point /)
Stopping at filesystem boundary (GIT_DISCOVERY_ACROSS_FILESYSTEM not set).
2023-08-06 20:19:12.423 [info] > git rev-parse --show-toplevel [5ms]
2023-08-06 20:19:12.423 [info] fatal: not a git repository (or any parent up to mount point /)
Stopping at filesystem boundary (GIT_DISCOVERY_ACROSS_FILESYSTEM not set).
2023-08-06 20:19:12.424 [info] > git rev-parse --show-toplevel [10ms]
2023-08-06 20:19:12.424 [info] fatal: not a git repository (or any parent up to mount point /)
Stopping at filesystem boundary (GIT_DISCOVERY_ACROSS_FILESYSTEM not set).
2023-08-06 20:19:12.451 [info] > git rev-parse --show-toplevel [3ms]
2023-08-06 20:19:12.451 [info] fatal: not a git repository (or any parent up to mount point /)
Stopping at filesystem boundary (GIT_DISCOVERY_ACROSS_FILESYSTEM not set).
2023-08-06 20:19:12.566 [info] > git rev-parse --show-toplevel [5ms]
2023-08-06 20:19:12.566 [info] fatal: not a git repository (or any parent up to mount point /)
Stopping at filesystem boundary (GIT_DISCOVERY_ACROSS_FILESYSTEM not set).
2023-08-06 20:19:12.758 [info] > git rev-parse --show-toplevel [2ms]
2023-08-06 20:19:12.758 [info] fatal: not a git repository (or any parent up to mount point /)
Stopping at filesystem boundary (GIT_DISCOVERY_ACROSS_FILESYSTEM not set).
2023-08-06 20:19:12.869 [info] > git rev-parse --show-toplevel [14ms]
2023-08-06 20:19:12.869 [info] fatal: not a git repository (or any parent up to mount point /)
Stopping at filesystem boundary (GIT_DISCOVERY_ACROSS_FILESYSTEM not set).
2023-08-06 20:19:13.127 [info] > git rev-parse --show-toplevel [1ms]
2023-08-06 20:19:13.127 [info] fatal: not a git repository (or any parent up to mount point /)
Stopping at filesystem boundary (GIT_DISCOVERY_ACROSS_FILESYSTEM not set).
2023-08-06 20:19:13.382 [info] > git rev-parse --show-toplevel [4ms]
2023-08-06 20:19:13.382 [info] fatal: not a git repository (or any parent up to mount point /)
Stopping at filesystem boundary (GIT_DISCOVERY_ACROSS_FILESYSTEM not set).
