2023-08-06 19:45:12.741 [info] Log level: Info
2023-08-06 19:45:12.741 [info] Validating found git in: "git"
2023-08-06 19:45:12.741 [info] Using git "2.41.0" from "git"
2023-08-06 19:45:12.741 [info] > git rev-parse --show-toplevel [8ms]
2023-08-06 19:45:12.741 [info] fatal: not a git repository (or any parent up to mount point /)
Stopping at filesystem boundary (GIT_DISCOVERY_ACROSS_FILESYSTEM not set).
2023-08-06 19:45:12.741 [info] > git rev-parse --show-toplevel [34ms]
2023-08-06 19:45:12.741 [info] fatal: not a git repository (or any parent up to mount point /)
Stopping at filesystem boundary (GIT_DISCOVERY_ACROSS_FILESYSTEM not set).
2023-08-06 19:45:12.742 [info] > git rev-parse --show-toplevel [7ms]
2023-08-06 19:45:12.742 [info] fatal: not a git repository (or any parent up to mount point /)
Stopping at filesystem boundary (GIT_DISCOVERY_ACROSS_FILESYSTEM not set).
2023-08-06 19:45:12.753 [info] > git rev-parse --show-toplevel [4ms]
2023-08-06 19:45:12.753 [info] fatal: not a git repository (or any parent up to mount point /)
Stopping at filesystem boundary (GIT_DISCOVERY_ACROSS_FILESYSTEM not set).
2023-08-06 19:45:12.783 [info] > git rev-parse --show-toplevel [22ms]
2023-08-06 19:45:12.783 [info] fatal: not a git repository (or any parent up to mount point /)
Stopping at filesystem boundary (GIT_DISCOVERY_ACROSS_FILESYSTEM not set).
2023-08-06 19:45:12.796 [info] > git rev-parse --show-toplevel [4ms]
2023-08-06 19:45:12.796 [info] fatal: not a git repository (or any parent up to mount point /)
Stopping at filesystem boundary (GIT_DISCOVERY_ACROSS_FILESYSTEM not set).
2023-08-06 19:45:12.813 [info] > git rev-parse --show-toplevel [2ms]
2023-08-06 19:45:12.813 [info] fatal: not a git repository (or any parent up to mount point /)
Stopping at filesystem boundary (GIT_DISCOVERY_ACROSS_FILESYSTEM not set).
2023-08-06 19:45:12.822 [info] > git rev-parse --show-toplevel [2ms]
2023-08-06 19:45:12.822 [info] fatal: not a git repository (or any parent up to mount point /)
Stopping at filesystem boundary (GIT_DISCOVERY_ACROSS_FILESYSTEM not set).
2023-08-06 19:45:12.832 [info] > git rev-parse --show-toplevel [3ms]
2023-08-06 19:45:12.832 [info] fatal: not a git repository (or any parent up to mount point /)
Stopping at filesystem boundary (GIT_DISCOVERY_ACROSS_FILESYSTEM not set).
2023-08-06 19:45:12.840 [info] > git rev-parse --show-toplevel [2ms]
2023-08-06 19:45:12.840 [info] fatal: not a git repository (or any parent up to mount point /)
Stopping at filesystem boundary (GIT_DISCOVERY_ACROSS_FILESYSTEM not set).
2023-08-06 19:45:12.851 [info] > git rev-parse --show-toplevel [3ms]
2023-08-06 19:45:12.851 [info] fatal: not a git repository (or any parent up to mount point /)
Stopping at filesystem boundary (GIT_DISCOVERY_ACROSS_FILESYSTEM not set).
2023-08-06 19:45:12.872 [info] > git rev-parse --show-toplevel [14ms]
2023-08-06 19:45:12.872 [info] fatal: not a git repository (or any parent up to mount point /)
Stopping at filesystem boundary (GIT_DISCOVERY_ACROSS_FILESYSTEM not set).
2023-08-06 19:45:12.900 [info] > git rev-parse --show-toplevel [11ms]
2023-08-06 19:45:12.900 [info] fatal: not a git repository (or any parent up to mount point /)
Stopping at filesystem boundary (GIT_DISCOVERY_ACROSS_FILESYSTEM not set).
2023-08-06 19:45:12.918 [info] > git rev-parse --show-toplevel [2ms]
2023-08-06 19:45:12.918 [info] fatal: not a git repository (or any parent up to mount point /)
Stopping at filesystem boundary (GIT_DISCOVERY_ACROSS_FILESYSTEM not set).
2023-08-06 19:45:12.930 [info] > git rev-parse --show-toplevel [5ms]
2023-08-06 19:45:12.930 [info] fatal: not a git repository (or any parent up to mount point /)
Stopping at filesystem boundary (GIT_DISCOVERY_ACROSS_FILESYSTEM not set).
2023-08-06 19:45:13.124 [info] > git rev-parse --show-toplevel [5ms]
2023-08-06 19:45:13.124 [info] fatal: not a git repository (or any parent up to mount point /)
Stopping at filesystem boundary (GIT_DISCOVERY_ACROSS_FILESYSTEM not set).
2023-08-06 19:45:13.418 [info] > git rev-parse --show-toplevel [15ms]
2023-08-06 19:45:13.418 [info] fatal: not a git repository (or any parent up to mount point /)
Stopping at filesystem boundary (GIT_DISCOVERY_ACROSS_FILESYSTEM not set).
