2023-08-06 18:26:02.174 [info] Reading sessions from secret storage...
2023-08-06 18:26:02.185 [info] Got 0 stored sessions
2023-08-06 18:26:02.197 [info] Getting sessions for all scopes...
2023-08-06 18:26:02.197 [info] Got 0 sessions for all scopes...
2023-08-06 18:26:02.208 [info] Getting sessions for the following scopes: email offline_access openid profile
2023-08-06 18:26:02.208 [info] Got 0 sessions for scopes: email offline_access openid profile
2023-08-06 18:30:07.914 [info] Reading sessions from secret storage...
2023-08-06 18:30:07.914 [info] Got 0 stored sessions
2023-08-06 18:30:08.145 [info] Getting sessions for all scopes...
2023-08-06 18:30:08.145 [info] Got 0 sessions for all scopes...
2023-08-06 18:30:08.146 [info] Getting sessions for the following scopes: email offline_access openid profile
2023-08-06 18:30:08.146 [info] Got 0 sessions for scopes: email offline_access openid profile
2023-08-06 18:32:11.660 [info] Reading sessions from secret storage...
2023-08-06 18:32:11.744 [info] Got 0 stored sessions
2023-08-06 18:32:11.748 [info] Getting sessions for all scopes...
2023-08-06 18:32:11.748 [info] Got 0 sessions for all scopes...
2023-08-06 18:32:11.749 [info] Getting sessions for the following scopes: email offline_access openid profile
2023-08-06 18:32:11.749 [info] Got 0 sessions for scopes: email offline_access openid profile
2023-08-06 18:32:35.232 [info] Reading sessions from secret storage...
2023-08-06 18:32:35.423 [info] Got 0 stored sessions
2023-08-06 18:32:35.463 [info] Getting sessions for all scopes...
2023-08-06 18:32:35.463 [info] Got 0 sessions for all scopes...
2023-08-06 18:32:35.475 [info] Getting sessions for the following scopes: email offline_access openid profile
2023-08-06 18:32:35.475 [info] Got 0 sessions for scopes: email offline_access openid profile
2023-08-06 18:34:12.551 [info] Reading sessions from secret storage...
2023-08-06 18:34:12.551 [info] Got 0 stored sessions
2023-08-06 18:34:12.551 [info] Getting sessions for all scopes...
2023-08-06 18:34:12.551 [info] Got 0 sessions for all scopes...
2023-08-06 18:34:12.551 [info] Getting sessions for the following scopes: email offline_access openid profile
2023-08-06 18:34:12.551 [info] Got 0 sessions for scopes: email offline_access openid profile
2023-08-06 18:34:43.473 [info] Reading sessions from secret storage...
2023-08-06 18:34:43.507 [info] Got 0 stored sessions
2023-08-06 18:34:43.513 [info] Getting sessions for all scopes...
2023-08-06 18:34:43.513 [info] Got 0 sessions for all scopes...
2023-08-06 18:34:43.517 [info] Getting sessions for the following scopes: email offline_access openid profile
2023-08-06 18:34:43.517 [info] Got 0 sessions for scopes: email offline_access openid profile
2023-08-06 18:35:30.455 [info] Reading sessions from secret storage...
2023-08-06 18:35:30.458 [info] Got 0 stored sessions
2023-08-06 18:35:30.459 [info] Getting sessions for all scopes...
2023-08-06 18:35:30.459 [info] Got 0 sessions for all scopes...
2023-08-06 18:35:30.461 [info] Getting sessions for the following scopes: email offline_access openid profile
2023-08-06 18:35:30.461 [info] Got 0 sessions for scopes: email offline_access openid profile
2023-08-06 18:36:22.752 [info] Reading sessions from secret storage...
2023-08-06 18:36:22.752 [info] Got 0 stored sessions
2023-08-06 18:36:22.752 [info] Getting sessions for all scopes...
2023-08-06 18:36:22.752 [info] Got 0 sessions for all scopes...
2023-08-06 18:36:22.752 [info] Getting sessions for the following scopes: email offline_access openid profile
2023-08-06 18:36:22.752 [info] Got 0 sessions for scopes: email offline_access openid profile
