2023-08-06 18:26:05.901 [info] Log level: Info
2023-08-06 18:26:05.901 [info] Validating found git in: "git"
2023-08-06 18:26:05.929 [info] Using git "2.41.0" from "git"
2023-08-06 18:26:05.964 [info] > git rev-parse --show-toplevel [4ms]
2023-08-06 18:26:05.964 [info] fatal: not a git repository (or any parent up to mount point /)
Stopping at filesystem boundary (GIT_DISCOVERY_ACROSS_FILESYSTEM not set).
2023-08-06 18:26:05.978 [info] > git rev-parse --show-toplevel [4ms]
2023-08-06 18:26:05.978 [info] fatal: not a git repository (or any parent up to mount point /)
Stopping at filesystem boundary (GIT_DISCOVERY_ACROSS_FILESYSTEM not set).
2023-08-06 18:26:05.985 [info] > git rev-parse --show-toplevel [1ms]
2023-08-06 18:26:05.985 [info] fatal: not a git repository (or any parent up to mount point /)
Stopping at filesystem boundary (GIT_DISCOVERY_ACROSS_FILESYSTEM not set).
2023-08-06 18:26:05.991 [info] > git rev-parse --show-toplevel [1ms]
2023-08-06 18:26:05.991 [info] fatal: not a git repository (or any parent up to mount point /)
Stopping at filesystem boundary (GIT_DISCOVERY_ACROSS_FILESYSTEM not set).
2023-08-06 18:26:05.996 [info] > git rev-parse --show-toplevel [1ms]
2023-08-06 18:26:05.996 [info] fatal: not a git repository (or any parent up to mount point /)
Stopping at filesystem boundary (GIT_DISCOVERY_ACROSS_FILESYSTEM not set).
2023-08-06 18:26:06.002 [info] > git rev-parse --show-toplevel [1ms]
2023-08-06 18:26:06.002 [info] fatal: not a git repository (or any parent up to mount point /)
Stopping at filesystem boundary (GIT_DISCOVERY_ACROSS_FILESYSTEM not set).
2023-08-06 18:26:06.008 [info] > git rev-parse --show-toplevel [1ms]
2023-08-06 18:26:06.008 [info] fatal: not a git repository (or any parent up to mount point /)
Stopping at filesystem boundary (GIT_DISCOVERY_ACROSS_FILESYSTEM not set).
2023-08-06 18:26:06.013 [info] > git rev-parse --show-toplevel [1ms]
2023-08-06 18:26:06.014 [info] fatal: not a git repository (or any parent up to mount point /)
Stopping at filesystem boundary (GIT_DISCOVERY_ACROSS_FILESYSTEM not set).
2023-08-06 18:26:06.020 [info] > git rev-parse --show-toplevel [1ms]
2023-08-06 18:26:06.020 [info] fatal: not a git repository (or any parent up to mount point /)
Stopping at filesystem boundary (GIT_DISCOVERY_ACROSS_FILESYSTEM not set).
2023-08-06 18:26:06.025 [info] > git rev-parse --show-toplevel [1ms]
2023-08-06 18:26:06.025 [info] fatal: not a git repository (or any parent up to mount point /)
Stopping at filesystem boundary (GIT_DISCOVERY_ACROSS_FILESYSTEM not set).
2023-08-06 18:26:06.031 [info] > git rev-parse --show-toplevel [0ms]
2023-08-06 18:26:06.031 [info] fatal: not a git repository (or any parent up to mount point /)
Stopping at filesystem boundary (GIT_DISCOVERY_ACROSS_FILESYSTEM not set).
2023-08-06 18:26:06.037 [info] > git rev-parse --show-toplevel [1ms]
2023-08-06 18:26:06.037 [info] fatal: not a git repository (or any parent up to mount point /)
Stopping at filesystem boundary (GIT_DISCOVERY_ACROSS_FILESYSTEM not set).
2023-08-06 18:26:06.042 [info] > git rev-parse --show-toplevel [1ms]
2023-08-06 18:26:06.042 [info] fatal: not a git repository (or any parent up to mount point /)
Stopping at filesystem boundary (GIT_DISCOVERY_ACROSS_FILESYSTEM not set).
2023-08-06 18:26:36.063 [info] > git rev-parse --show-toplevel [21ms]
2023-08-06 18:26:36.063 [info] fatal: not a git repository (or any parent up to mount point /)
Stopping at filesystem boundary (GIT_DISCOVERY_ACROSS_FILESYSTEM not set).
2023-08-06 18:26:39.713 [info] > git rev-parse --show-toplevel [18ms]
2023-08-06 18:26:39.713 [info] fatal: not a git repository (or any parent up to mount point /)
Stopping at filesystem boundary (GIT_DISCOVERY_ACROSS_FILESYSTEM not set).
2023-08-06 18:26:42.711 [info] > git rev-parse --show-toplevel [2ms]
2023-08-06 18:26:42.711 [info] fatal: not a git repository (or any parent up to mount point /)
Stopping at filesystem boundary (GIT_DISCOVERY_ACROSS_FILESYSTEM not set).
2023-08-06 18:26:44.407 [info] > git rev-parse --show-toplevel [3ms]
2023-08-06 18:26:44.407 [info] fatal: not a git repository (or any parent up to mount point /)
Stopping at filesystem boundary (GIT_DISCOVERY_ACROSS_FILESYSTEM not set).
2023-08-06 18:26:46.891 [info] > git rev-parse --show-toplevel [4ms]
2023-08-06 18:26:46.891 [info] fatal: not a git repository (or any parent up to mount point /)
Stopping at filesystem boundary (GIT_DISCOVERY_ACROSS_FILESYSTEM not set).
2023-08-06 18:27:28.473 [info] > git rev-parse --show-toplevel [3ms]
2023-08-06 18:27:28.473 [info] fatal: not a git repository (or any parent up to mount point /)
Stopping at filesystem boundary (GIT_DISCOVERY_ACROSS_FILESYSTEM not set).
2023-08-06 18:27:29.945 [info] > git rev-parse --show-toplevel [4ms]
2023-08-06 18:27:29.945 [info] fatal: not a git repository (or any parent up to mount point /)
Stopping at filesystem boundary (GIT_DISCOVERY_ACROSS_FILESYSTEM not set).
2023-08-06 18:27:31.536 [info] > git rev-parse --show-toplevel [2ms]
2023-08-06 18:27:31.536 [info] fatal: not a git repository (or any parent up to mount point /)
Stopping at filesystem boundary (GIT_DISCOVERY_ACROSS_FILESYSTEM not set).
2023-08-06 18:29:29.774 [info] > git rev-parse --show-toplevel [5ms]
2023-08-06 18:29:29.774 [info] fatal: not a git repository (or any parent up to mount point /)
Stopping at filesystem boundary (GIT_DISCOVERY_ACROSS_FILESYSTEM not set).
2023-08-06 18:30:03.318 [info] > git rev-parse --show-toplevel [3ms]
2023-08-06 18:30:03.318 [info] fatal: not a git repository (or any parent up to mount point /)
Stopping at filesystem boundary (GIT_DISCOVERY_ACROSS_FILESYSTEM not set).
2023-08-06 18:30:07.657 [info] Log level: Info
2023-08-06 18:30:07.657 [info] Validating found git in: "git"
2023-08-06 18:30:07.657 [info] Using git "2.41.0" from "git"
2023-08-06 18:30:07.657 [info] > git rev-parse --show-toplevel [2ms]
2023-08-06 18:30:07.657 [info] fatal: not a git repository (or any parent up to mount point /)
Stopping at filesystem boundary (GIT_DISCOVERY_ACROSS_FILESYSTEM not set).
2023-08-06 18:30:07.657 [info] > git rev-parse --show-toplevel [3ms]
2023-08-06 18:30:07.657 [info] fatal: not a git repository (or any parent up to mount point /)
Stopping at filesystem boundary (GIT_DISCOVERY_ACROSS_FILESYSTEM not set).
2023-08-06 18:30:07.657 [info] > git rev-parse --show-toplevel [2ms]
2023-08-06 18:30:07.657 [info] fatal: not a git repository (or any parent up to mount point /)
Stopping at filesystem boundary (GIT_DISCOVERY_ACROSS_FILESYSTEM not set).
2023-08-06 18:30:07.657 [info] > git rev-parse --show-toplevel [24ms]
2023-08-06 18:30:07.657 [info] fatal: not a git repository (or any parent up to mount point /)
Stopping at filesystem boundary (GIT_DISCOVERY_ACROSS_FILESYSTEM not set).
2023-08-06 18:30:07.657 [info] > git rev-parse --show-toplevel [29ms]
2023-08-06 18:30:07.657 [info] fatal: not a git repository (or any parent up to mount point /)
Stopping at filesystem boundary (GIT_DISCOVERY_ACROSS_FILESYSTEM not set).
2023-08-06 18:30:07.657 [info] > git rev-parse --show-toplevel [44ms]
2023-08-06 18:30:07.657 [info] fatal: not a git repository (or any parent up to mount point /)
Stopping at filesystem boundary (GIT_DISCOVERY_ACROSS_FILESYSTEM not set).
2023-08-06 18:30:07.687 [info] > git rev-parse --show-toplevel [21ms]
2023-08-06 18:30:07.687 [info] fatal: not a git repository (or any parent up to mount point /)
Stopping at filesystem boundary (GIT_DISCOVERY_ACROSS_FILESYSTEM not set).
2023-08-06 18:30:07.739 [info] > git rev-parse --show-toplevel [25ms]
2023-08-06 18:30:07.739 [info] fatal: not a git repository (or any parent up to mount point /)
Stopping at filesystem boundary (GIT_DISCOVERY_ACROSS_FILESYSTEM not set).
2023-08-06 18:30:07.757 [info] > git rev-parse --show-toplevel [7ms]
2023-08-06 18:30:07.757 [info] fatal: not a git repository (or any parent up to mount point /)
Stopping at filesystem boundary (GIT_DISCOVERY_ACROSS_FILESYSTEM not set).
2023-08-06 18:30:07.775 [info] > git rev-parse --show-toplevel [6ms]
2023-08-06 18:30:07.775 [info] fatal: not a git repository (or any parent up to mount point /)
Stopping at filesystem boundary (GIT_DISCOVERY_ACROSS_FILESYSTEM not set).
2023-08-06 18:30:07.805 [info] > git rev-parse --show-toplevel [6ms]
2023-08-06 18:30:07.805 [info] fatal: not a git repository (or any parent up to mount point /)
Stopping at filesystem boundary (GIT_DISCOVERY_ACROSS_FILESYSTEM not set).
2023-08-06 18:30:07.858 [info] > git rev-parse --show-toplevel [38ms]
2023-08-06 18:30:07.858 [info] fatal: not a git repository (or any parent up to mount point /)
Stopping at filesystem boundary (GIT_DISCOVERY_ACROSS_FILESYSTEM not set).
2023-08-06 18:30:07.903 [info] > git rev-parse --show-toplevel [25ms]
2023-08-06 18:30:07.903 [info] fatal: not a git repository (or any parent up to mount point /)
Stopping at filesystem boundary (GIT_DISCOVERY_ACROSS_FILESYSTEM not set).
2023-08-06 18:30:07.928 [info] > git rev-parse --show-toplevel [5ms]
2023-08-06 18:30:07.928 [info] fatal: not a git repository (or any parent up to mount point /)
Stopping at filesystem boundary (GIT_DISCOVERY_ACROSS_FILESYSTEM not set).
2023-08-06 18:30:07.998 [info] > git rev-parse --show-toplevel [26ms]
2023-08-06 18:30:07.998 [info] fatal: not a git repository (or any parent up to mount point /)
Stopping at filesystem boundary (GIT_DISCOVERY_ACROSS_FILESYSTEM not set).
2023-08-06 18:30:08.470 [info] > git rev-parse --show-toplevel [5ms]
2023-08-06 18:30:08.470 [info] fatal: not a git repository (or any parent up to mount point /)
Stopping at filesystem boundary (GIT_DISCOVERY_ACROSS_FILESYSTEM not set).
2023-08-06 18:30:22.449 [info] > git rev-parse --show-toplevel [1ms]
2023-08-06 18:30:22.449 [info] fatal: not a git repository (or any parent up to mount point /)
Stopping at filesystem boundary (GIT_DISCOVERY_ACROSS_FILESYSTEM not set).
2023-08-06 18:30:22.961 [info] > git rev-parse --show-toplevel [2ms]
2023-08-06 18:30:22.961 [info] fatal: not a git repository (or any parent up to mount point /)
Stopping at filesystem boundary (GIT_DISCOVERY_ACROSS_FILESYSTEM not set).
2023-08-06 18:30:23.572 [info] > git rev-parse --show-toplevel [2ms]
2023-08-06 18:30:23.572 [info] fatal: not a git repository (or any parent up to mount point /)
Stopping at filesystem boundary (GIT_DISCOVERY_ACROSS_FILESYSTEM not set).
2023-08-06 18:32:07.277 [info] > git rev-parse --show-toplevel [2ms]
2023-08-06 18:32:07.277 [info] fatal: not a git repository (or any parent up to mount point /)
Stopping at filesystem boundary (GIT_DISCOVERY_ACROSS_FILESYSTEM not set).
2023-08-06 18:32:11.270 [info] Log level: Info
2023-08-06 18:32:11.270 [info] Validating found git in: "git"
2023-08-06 18:32:11.270 [info] Using git "2.41.0" from "git"
2023-08-06 18:32:11.276 [info] > git rev-parse --show-toplevel [13ms]
2023-08-06 18:32:11.276 [info] fatal: not a git repository (or any parent up to mount point /)
Stopping at filesystem boundary (GIT_DISCOVERY_ACROSS_FILESYSTEM not set).
2023-08-06 18:32:11.379 [info] > git rev-parse --show-toplevel [56ms]
2023-08-06 18:32:11.379 [info] fatal: not a git repository (or any parent up to mount point /)
Stopping at filesystem boundary (GIT_DISCOVERY_ACROSS_FILESYSTEM not set).
2023-08-06 18:32:11.456 [info] > git rev-parse --show-toplevel [32ms]
2023-08-06 18:32:11.456 [info] fatal: not a git repository (or any parent up to mount point /)
Stopping at filesystem boundary (GIT_DISCOVERY_ACROSS_FILESYSTEM not set).
2023-08-06 18:32:11.469 [info] > git rev-parse --show-toplevel [4ms]
2023-08-06 18:32:11.469 [info] fatal: not a git repository (or any parent up to mount point /)
Stopping at filesystem boundary (GIT_DISCOVERY_ACROSS_FILESYSTEM not set).
2023-08-06 18:32:11.483 [info] > git rev-parse --show-toplevel [2ms]
2023-08-06 18:32:11.483 [info] fatal: not a git repository (or any parent up to mount point /)
Stopping at filesystem boundary (GIT_DISCOVERY_ACROSS_FILESYSTEM not set).
2023-08-06 18:32:11.495 [info] > git rev-parse --show-toplevel [2ms]
2023-08-06 18:32:11.495 [info] fatal: not a git repository (or any parent up to mount point /)
Stopping at filesystem boundary (GIT_DISCOVERY_ACROSS_FILESYSTEM not set).
2023-08-06 18:32:11.506 [info] > git rev-parse --show-toplevel [3ms]
2023-08-06 18:32:11.506 [info] fatal: not a git repository (or any parent up to mount point /)
Stopping at filesystem boundary (GIT_DISCOVERY_ACROSS_FILESYSTEM not set).
2023-08-06 18:32:11.572 [info] > git rev-parse --show-toplevel [51ms]
2023-08-06 18:32:11.572 [info] fatal: not a git repository (or any parent up to mount point /)
Stopping at filesystem boundary (GIT_DISCOVERY_ACROSS_FILESYSTEM not set).
2023-08-06 18:32:11.630 [info] > git rev-parse --show-toplevel [31ms]
2023-08-06 18:32:11.630 [info] fatal: not a git repository (or any parent up to mount point /)
Stopping at filesystem boundary (GIT_DISCOVERY_ACROSS_FILESYSTEM not set).
2023-08-06 18:32:11.661 [info] > git rev-parse --show-toplevel [3ms]
2023-08-06 18:32:11.661 [info] fatal: not a git repository (or any parent up to mount point /)
Stopping at filesystem boundary (GIT_DISCOVERY_ACROSS_FILESYSTEM not set).
2023-08-06 18:32:11.675 [info] > git rev-parse --show-toplevel [3ms]
2023-08-06 18:32:11.675 [info] fatal: not a git repository (or any parent up to mount point /)
Stopping at filesystem boundary (GIT_DISCOVERY_ACROSS_FILESYSTEM not set).
2023-08-06 18:32:11.687 [info] > git rev-parse --show-toplevel [3ms]
2023-08-06 18:32:11.687 [info] fatal: not a git repository (or any parent up to mount point /)
Stopping at filesystem boundary (GIT_DISCOVERY_ACROSS_FILESYSTEM not set).
2023-08-06 18:32:11.698 [info] > git rev-parse --show-toplevel [2ms]
2023-08-06 18:32:11.698 [info] fatal: not a git repository (or any parent up to mount point /)
Stopping at filesystem boundary (GIT_DISCOVERY_ACROSS_FILESYSTEM not set).
2023-08-06 18:32:11.709 [info] > git rev-parse --show-toplevel [3ms]
2023-08-06 18:32:11.709 [info] fatal: not a git repository (or any parent up to mount point /)
Stopping at filesystem boundary (GIT_DISCOVERY_ACROSS_FILESYSTEM not set).
2023-08-06 18:32:11.906 [info] > git rev-parse --show-toplevel [22ms]
2023-08-06 18:32:11.906 [info] fatal: not a git repository (or any parent up to mount point /)
Stopping at filesystem boundary (GIT_DISCOVERY_ACROSS_FILESYSTEM not set).
2023-08-06 18:32:31.786 [info] > git rev-parse --show-toplevel [6ms]
2023-08-06 18:32:31.786 [info] fatal: not a git repository (or any parent up to mount point /)
Stopping at filesystem boundary (GIT_DISCOVERY_ACROSS_FILESYSTEM not set).
2023-08-06 18:32:34.917 [info] Log level: Info
2023-08-06 18:32:34.917 [info] Validating found git in: "git"
2023-08-06 18:32:34.917 [info] Using git "2.41.0" from "git"
2023-08-06 18:32:34.926 [info] > git rev-parse --show-toplevel [13ms]
2023-08-06 18:32:34.926 [info] fatal: not a git repository (or any parent up to mount point /)
Stopping at filesystem boundary (GIT_DISCOVERY_ACROSS_FILESYSTEM not set).
2023-08-06 18:32:34.954 [info] > git rev-parse --show-toplevel [8ms]
2023-08-06 18:32:34.954 [info] fatal: not a git repository (or any parent up to mount point /)
Stopping at filesystem boundary (GIT_DISCOVERY_ACROSS_FILESYSTEM not set).
2023-08-06 18:32:34.989 [info] > git rev-parse --show-toplevel [8ms]
2023-08-06 18:32:34.989 [info] fatal: not a git repository (or any parent up to mount point /)
Stopping at filesystem boundary (GIT_DISCOVERY_ACROSS_FILESYSTEM not set).
2023-08-06 18:32:35.017 [info] > git rev-parse --show-toplevel [16ms]
2023-08-06 18:32:35.017 [info] fatal: not a git repository (or any parent up to mount point /)
Stopping at filesystem boundary (GIT_DISCOVERY_ACROSS_FILESYSTEM not set).
2023-08-06 18:32:35.087 [info] > git rev-parse --show-toplevel [25ms]
2023-08-06 18:32:35.087 [info] fatal: not a git repository (or any parent up to mount point /)
Stopping at filesystem boundary (GIT_DISCOVERY_ACROSS_FILESYSTEM not set).
2023-08-06 18:32:35.143 [info] > git rev-parse --show-toplevel [17ms]
2023-08-06 18:32:35.143 [info] fatal: not a git repository (or any parent up to mount point /)
Stopping at filesystem boundary (GIT_DISCOVERY_ACROSS_FILESYSTEM not set).
2023-08-06 18:32:35.231 [info] > git rev-parse --show-toplevel [42ms]
2023-08-06 18:32:35.231 [info] fatal: not a git repository (or any parent up to mount point /)
Stopping at filesystem boundary (GIT_DISCOVERY_ACROSS_FILESYSTEM not set).
2023-08-06 18:32:35.350 [info] > git rev-parse --show-toplevel [87ms]
2023-08-06 18:32:35.350 [info] fatal: not a git repository (or any parent up to mount point /)
Stopping at filesystem boundary (GIT_DISCOVERY_ACROSS_FILESYSTEM not set).
2023-08-06 18:32:35.426 [info] > git rev-parse --show-toplevel [16ms]
2023-08-06 18:32:35.426 [info] fatal: not a git repository (or any parent up to mount point /)
Stopping at filesystem boundary (GIT_DISCOVERY_ACROSS_FILESYSTEM not set).
2023-08-06 18:32:35.461 [info] > git rev-parse --show-toplevel [18ms]
2023-08-06 18:32:35.462 [info] fatal: not a git repository (or any parent up to mount point /)
Stopping at filesystem boundary (GIT_DISCOVERY_ACROSS_FILESYSTEM not set).
2023-08-06 18:32:35.479 [info] > git rev-parse --show-toplevel [5ms]
2023-08-06 18:32:35.479 [info] fatal: not a git repository (or any parent up to mount point /)
Stopping at filesystem boundary (GIT_DISCOVERY_ACROSS_FILESYSTEM not set).
2023-08-06 18:32:35.491 [info] > git rev-parse --show-toplevel [2ms]
2023-08-06 18:32:35.492 [info] fatal: not a git repository (or any parent up to mount point /)
Stopping at filesystem boundary (GIT_DISCOVERY_ACROSS_FILESYSTEM not set).
2023-08-06 18:32:35.506 [info] > git rev-parse --show-toplevel [4ms]
2023-08-06 18:32:35.506 [info] fatal: not a git repository (or any parent up to mount point /)
Stopping at filesystem boundary (GIT_DISCOVERY_ACROSS_FILESYSTEM not set).
2023-08-06 18:32:35.529 [info] > git rev-parse --show-toplevel [5ms]
2023-08-06 18:32:35.529 [info] fatal: not a git repository (or any parent up to mount point /)
Stopping at filesystem boundary (GIT_DISCOVERY_ACROSS_FILESYSTEM not set).
2023-08-06 18:34:08.376 [info] > git rev-parse --show-toplevel [2ms]
2023-08-06 18:34:08.376 [info] fatal: not a git repository (or any parent up to mount point /)
Stopping at filesystem boundary (GIT_DISCOVERY_ACROSS_FILESYSTEM not set).
2023-08-06 18:34:11.725 [info] Log level: Info
2023-08-06 18:34:11.725 [info] Validating found git in: "git"
2023-08-06 18:34:11.725 [info] Using git "2.41.0" from "git"
2023-08-06 18:34:11.725 [info] > git rev-parse --show-toplevel [24ms]
2023-08-06 18:34:11.725 [info] fatal: not a git repository (or any parent up to mount point /)
Stopping at filesystem boundary (GIT_DISCOVERY_ACROSS_FILESYSTEM not set).
2023-08-06 18:34:11.725 [info] > git rev-parse --show-toplevel [26ms]
2023-08-06 18:34:11.725 [info] fatal: not a git repository (or any parent up to mount point /)
Stopping at filesystem boundary (GIT_DISCOVERY_ACROSS_FILESYSTEM not set).
2023-08-06 18:34:11.725 [info] > git rev-parse --show-toplevel [9ms]
2023-08-06 18:34:11.725 [info] fatal: not a git repository (or any parent up to mount point /)
Stopping at filesystem boundary (GIT_DISCOVERY_ACROSS_FILESYSTEM not set).
2023-08-06 18:34:11.826 [info] > git rev-parse --show-toplevel [29ms]
2023-08-06 18:34:11.826 [info] fatal: not a git repository (or any parent up to mount point /)
Stopping at filesystem boundary (GIT_DISCOVERY_ACROSS_FILESYSTEM not set).
2023-08-06 18:34:11.878 [info] > git rev-parse --show-toplevel [28ms]
2023-08-06 18:34:11.878 [info] fatal: not a git repository (or any parent up to mount point /)
Stopping at filesystem boundary (GIT_DISCOVERY_ACROSS_FILESYSTEM not set).
2023-08-06 18:34:11.893 [info] > git rev-parse --show-toplevel [5ms]
2023-08-06 18:34:11.893 [info] fatal: not a git repository (or any parent up to mount point /)
Stopping at filesystem boundary (GIT_DISCOVERY_ACROSS_FILESYSTEM not set).
2023-08-06 18:34:11.919 [info] > git rev-parse --show-toplevel [3ms]
2023-08-06 18:34:11.919 [info] fatal: not a git repository (or any parent up to mount point /)
Stopping at filesystem boundary (GIT_DISCOVERY_ACROSS_FILESYSTEM not set).
2023-08-06 18:34:11.944 [info] > git rev-parse --show-toplevel [15ms]
2023-08-06 18:34:11.944 [info] fatal: not a git repository (or any parent up to mount point /)
Stopping at filesystem boundary (GIT_DISCOVERY_ACROSS_FILESYSTEM not set).
2023-08-06 18:34:12.007 [info] > git rev-parse --show-toplevel [33ms]
2023-08-06 18:34:12.007 [info] fatal: not a git repository (or any parent up to mount point /)
Stopping at filesystem boundary (GIT_DISCOVERY_ACROSS_FILESYSTEM not set).
2023-08-06 18:34:12.034 [info] > git rev-parse --show-toplevel [2ms]
2023-08-06 18:34:12.034 [info] fatal: not a git repository (or any parent up to mount point /)
Stopping at filesystem boundary (GIT_DISCOVERY_ACROSS_FILESYSTEM not set).
2023-08-06 18:34:12.060 [info] > git rev-parse --show-toplevel [17ms]
2023-08-06 18:34:12.061 [info] fatal: not a git repository (or any parent up to mount point /)
Stopping at filesystem boundary (GIT_DISCOVERY_ACROSS_FILESYSTEM not set).
2023-08-06 18:34:12.082 [info] > git rev-parse --show-toplevel [2ms]
2023-08-06 18:34:12.082 [info] fatal: not a git repository (or any parent up to mount point /)
Stopping at filesystem boundary (GIT_DISCOVERY_ACROSS_FILESYSTEM not set).
2023-08-06 18:34:12.107 [info] > git rev-parse --show-toplevel [1ms]
2023-08-06 18:34:12.107 [info] fatal: not a git repository (or any parent up to mount point /)
Stopping at filesystem boundary (GIT_DISCOVERY_ACROSS_FILESYSTEM not set).
2023-08-06 18:34:12.189 [info] > git rev-parse --show-toplevel [52ms]
2023-08-06 18:34:12.189 [info] fatal: not a git repository (or any parent up to mount point /)
Stopping at filesystem boundary (GIT_DISCOVERY_ACROSS_FILESYSTEM not set).
2023-08-06 18:34:12.321 [info] > git rev-parse --show-toplevel [27ms]
2023-08-06 18:34:12.321 [info] fatal: not a git repository (or any parent up to mount point /)
Stopping at filesystem boundary (GIT_DISCOVERY_ACROSS_FILESYSTEM not set).
2023-08-06 18:34:12.470 [info] > git rev-parse --show-toplevel [15ms]
2023-08-06 18:34:12.470 [info] fatal: not a git repository (or any parent up to mount point /)
Stopping at filesystem boundary (GIT_DISCOVERY_ACROSS_FILESYSTEM not set).
2023-08-06 18:34:12.639 [info] > git rev-parse --show-toplevel [3ms]
2023-08-06 18:34:12.639 [info] fatal: not a git repository (or any parent up to mount point /)
Stopping at filesystem boundary (GIT_DISCOVERY_ACROSS_FILESYSTEM not set).
2023-08-06 18:34:39.327 [info] > git rev-parse --show-toplevel [2ms]
2023-08-06 18:34:39.327 [info] fatal: not a git repository (or any parent up to mount point /)
Stopping at filesystem boundary (GIT_DISCOVERY_ACROSS_FILESYSTEM not set).
2023-08-06 18:34:42.537 [info] Log level: Info
2023-08-06 18:34:42.537 [info] Validating found git in: "git"
2023-08-06 18:34:42.537 [info] Using git "2.41.0" from "git"
2023-08-06 18:34:42.546 [info] > git rev-parse --show-toplevel [15ms]
2023-08-06 18:34:42.546 [info] fatal: not a git repository (or any parent up to mount point /)
Stopping at filesystem boundary (GIT_DISCOVERY_ACROSS_FILESYSTEM not set).
2023-08-06 18:34:42.571 [info] > git rev-parse --show-toplevel [13ms]
2023-08-06 18:34:42.571 [info] fatal: not a git repository (or any parent up to mount point /)
Stopping at filesystem boundary (GIT_DISCOVERY_ACROSS_FILESYSTEM not set).
2023-08-06 18:34:42.598 [info] > git rev-parse --show-toplevel [14ms]
2023-08-06 18:34:42.598 [info] fatal: not a git repository (or any parent up to mount point /)
Stopping at filesystem boundary (GIT_DISCOVERY_ACROSS_FILESYSTEM not set).
2023-08-06 18:34:42.613 [info] > git rev-parse --show-toplevel [2ms]
2023-08-06 18:34:42.613 [info] fatal: not a git repository (or any parent up to mount point /)
Stopping at filesystem boundary (GIT_DISCOVERY_ACROSS_FILESYSTEM not set).
2023-08-06 18:34:42.633 [info] > git rev-parse --show-toplevel [3ms]
2023-08-06 18:34:42.633 [info] fatal: not a git repository (or any parent up to mount point /)
Stopping at filesystem boundary (GIT_DISCOVERY_ACROSS_FILESYSTEM not set).
2023-08-06 18:34:42.642 [info] > git rev-parse --show-toplevel [2ms]
2023-08-06 18:34:42.642 [info] fatal: not a git repository (or any parent up to mount point /)
Stopping at filesystem boundary (GIT_DISCOVERY_ACROSS_FILESYSTEM not set).
2023-08-06 18:34:42.653 [info] > git rev-parse --show-toplevel [1ms]
2023-08-06 18:34:42.653 [info] fatal: not a git repository (or any parent up to mount point /)
Stopping at filesystem boundary (GIT_DISCOVERY_ACROSS_FILESYSTEM not set).
2023-08-06 18:34:42.664 [info] > git rev-parse --show-toplevel [3ms]
2023-08-06 18:34:42.664 [info] fatal: not a git repository (or any parent up to mount point /)
Stopping at filesystem boundary (GIT_DISCOVERY_ACROSS_FILESYSTEM not set).
2023-08-06 18:34:42.676 [info] > git rev-parse --show-toplevel [2ms]
2023-08-06 18:34:42.676 [info] fatal: not a git repository (or any parent up to mount point /)
Stopping at filesystem boundary (GIT_DISCOVERY_ACROSS_FILESYSTEM not set).
2023-08-06 18:34:42.687 [info] > git rev-parse --show-toplevel [2ms]
2023-08-06 18:34:42.687 [info] fatal: not a git repository (or any parent up to mount point /)
Stopping at filesystem boundary (GIT_DISCOVERY_ACROSS_FILESYSTEM not set).
2023-08-06 18:34:42.701 [info] > git rev-parse --show-toplevel [1ms]
2023-08-06 18:34:42.701 [info] fatal: not a git repository (or any parent up to mount point /)
Stopping at filesystem boundary (GIT_DISCOVERY_ACROSS_FILESYSTEM not set).
2023-08-06 18:34:42.721 [info] > git rev-parse --show-toplevel [2ms]
2023-08-06 18:34:42.721 [info] fatal: not a git repository (or any parent up to mount point /)
Stopping at filesystem boundary (GIT_DISCOVERY_ACROSS_FILESYSTEM not set).
2023-08-06 18:34:42.735 [info] > git rev-parse --show-toplevel [2ms]
2023-08-06 18:34:42.735 [info] fatal: not a git repository (or any parent up to mount point /)
Stopping at filesystem boundary (GIT_DISCOVERY_ACROSS_FILESYSTEM not set).
2023-08-06 18:34:42.748 [info] > git rev-parse --show-toplevel [4ms]
2023-08-06 18:34:42.748 [info] fatal: not a git repository (or any parent up to mount point /)
Stopping at filesystem boundary (GIT_DISCOVERY_ACROSS_FILESYSTEM not set).
2023-08-06 18:34:42.827 [info] > git rev-parse --show-toplevel [14ms]
2023-08-06 18:34:42.827 [info] fatal: not a git repository (or any parent up to mount point /)
Stopping at filesystem boundary (GIT_DISCOVERY_ACROSS_FILESYSTEM not set).
2023-08-06 18:34:42.967 [info] > git rev-parse --show-toplevel [5ms]
2023-08-06 18:34:42.967 [info] fatal: not a git repository (or any parent up to mount point /)
Stopping at filesystem boundary (GIT_DISCOVERY_ACROSS_FILESYSTEM not set).
2023-08-06 18:34:43.713 [info] > git rev-parse --show-toplevel [4ms]
2023-08-06 18:34:43.713 [info] fatal: not a git repository (or any parent up to mount point /)
Stopping at filesystem boundary (GIT_DISCOVERY_ACROSS_FILESYSTEM not set).
2023-08-06 18:34:43.880 [info] > git rev-parse --show-toplevel [42ms]
2023-08-06 18:34:43.880 [info] fatal: not a git repository (or any parent up to mount point /)
Stopping at filesystem boundary (GIT_DISCOVERY_ACROSS_FILESYSTEM not set).
2023-08-06 18:35:26.264 [info] > git rev-parse --show-toplevel [2ms]
2023-08-06 18:35:26.264 [info] fatal: not a git repository (or any parent up to mount point /)
Stopping at filesystem boundary (GIT_DISCOVERY_ACROSS_FILESYSTEM not set).
2023-08-06 18:35:29.615 [info] Log level: Info
2023-08-06 18:35:29.615 [info] Validating found git in: "git"
2023-08-06 18:35:29.615 [info] Using git "2.41.0" from "git"
2023-08-06 18:35:29.615 [info] > git rev-parse --show-toplevel [16ms]
2023-08-06 18:35:29.615 [info] fatal: not a git repository (or any parent up to mount point /)
Stopping at filesystem boundary (GIT_DISCOVERY_ACROSS_FILESYSTEM not set).
2023-08-06 18:35:29.615 [info] > git rev-parse --show-toplevel [3ms]
2023-08-06 18:35:29.615 [info] fatal: not a git repository (or any parent up to mount point /)
Stopping at filesystem boundary (GIT_DISCOVERY_ACROSS_FILESYSTEM not set).
2023-08-06 18:35:29.615 [info] > git rev-parse --show-toplevel [1ms]
2023-08-06 18:35:29.615 [info] fatal: not a git repository (or any parent up to mount point /)
Stopping at filesystem boundary (GIT_DISCOVERY_ACROSS_FILESYSTEM not set).
2023-08-06 18:35:29.615 [info] > git rev-parse --show-toplevel [3ms]
2023-08-06 18:35:29.615 [info] fatal: not a git repository (or any parent up to mount point /)
Stopping at filesystem boundary (GIT_DISCOVERY_ACROSS_FILESYSTEM not set).
2023-08-06 18:35:29.615 [info] > git rev-parse --show-toplevel [2ms]
2023-08-06 18:35:29.615 [info] fatal: not a git repository (or any parent up to mount point /)
Stopping at filesystem boundary (GIT_DISCOVERY_ACROSS_FILESYSTEM not set).
2023-08-06 18:35:29.615 [info] > git rev-parse --show-toplevel [14ms]
2023-08-06 18:35:29.615 [info] fatal: not a git repository (or any parent up to mount point /)
Stopping at filesystem boundary (GIT_DISCOVERY_ACROSS_FILESYSTEM not set).
2023-08-06 18:35:29.615 [info] > git rev-parse --show-toplevel [7ms]
2023-08-06 18:35:29.615 [info] fatal: not a git repository (or any parent up to mount point /)
Stopping at filesystem boundary (GIT_DISCOVERY_ACROSS_FILESYSTEM not set).
2023-08-06 18:35:29.643 [info] > git rev-parse --show-toplevel [4ms]
2023-08-06 18:35:29.643 [info] fatal: not a git repository (or any parent up to mount point /)
Stopping at filesystem boundary (GIT_DISCOVERY_ACROSS_FILESYSTEM not set).
2023-08-06 18:35:29.716 [info] > git rev-parse --show-toplevel [15ms]
2023-08-06 18:35:29.716 [info] fatal: not a git repository (or any parent up to mount point /)
Stopping at filesystem boundary (GIT_DISCOVERY_ACROSS_FILESYSTEM not set).
2023-08-06 18:35:29.776 [info] > git rev-parse --show-toplevel [32ms]
2023-08-06 18:35:29.776 [info] fatal: not a git repository (or any parent up to mount point /)
Stopping at filesystem boundary (GIT_DISCOVERY_ACROSS_FILESYSTEM not set).
2023-08-06 18:35:29.805 [info] > git rev-parse --show-toplevel [3ms]
2023-08-06 18:35:29.805 [info] fatal: not a git repository (or any parent up to mount point /)
Stopping at filesystem boundary (GIT_DISCOVERY_ACROSS_FILESYSTEM not set).
2023-08-06 18:35:29.839 [info] > git rev-parse --show-toplevel [5ms]
2023-08-06 18:35:29.839 [info] fatal: not a git repository (or any parent up to mount point /)
Stopping at filesystem boundary (GIT_DISCOVERY_ACROSS_FILESYSTEM not set).
2023-08-06 18:35:29.869 [info] > git rev-parse --show-toplevel [1ms]
2023-08-06 18:35:29.869 [info] fatal: not a git repository (or any parent up to mount point /)
Stopping at filesystem boundary (GIT_DISCOVERY_ACROSS_FILESYSTEM not set).
2023-08-06 18:35:30.049 [info] > git rev-parse --show-toplevel [138ms]
2023-08-06 18:35:30.049 [info] fatal: not a git repository (or any parent up to mount point /)
Stopping at filesystem boundary (GIT_DISCOVERY_ACROSS_FILESYSTEM not set).
2023-08-06 18:35:30.160 [info] > git rev-parse --show-toplevel [12ms]
2023-08-06 18:35:30.160 [info] fatal: not a git repository (or any parent up to mount point /)
Stopping at filesystem boundary (GIT_DISCOVERY_ACROSS_FILESYSTEM not set).
2023-08-06 18:35:30.295 [info] > git rev-parse --show-toplevel [12ms]
2023-08-06 18:35:30.295 [info] fatal: not a git repository (or any parent up to mount point /)
Stopping at filesystem boundary (GIT_DISCOVERY_ACROSS_FILESYSTEM not set).
2023-08-06 18:35:30.635 [info] > git rev-parse --show-toplevel [42ms]
2023-08-06 18:35:30.635 [info] fatal: not a git repository (or any parent up to mount point /)
Stopping at filesystem boundary (GIT_DISCOVERY_ACROSS_FILESYSTEM not set).
2023-08-06 18:36:19.006 [info] > git rev-parse --show-toplevel [4ms]
2023-08-06 18:36:19.006 [info] fatal: not a git repository (or any parent up to mount point /)
Stopping at filesystem boundary (GIT_DISCOVERY_ACROSS_FILESYSTEM not set).
2023-08-06 18:36:21.872 [info] Log level: Info
2023-08-06 18:36:21.872 [info] Validating found git in: "git"
2023-08-06 18:36:21.872 [info] Using git "2.41.0" from "git"
2023-08-06 18:36:21.872 [info] > git rev-parse --show-toplevel [21ms]
2023-08-06 18:36:21.872 [info] fatal: not a git repository (or any parent up to mount point /)
Stopping at filesystem boundary (GIT_DISCOVERY_ACROSS_FILESYSTEM not set).
2023-08-06 18:36:21.872 [info] > git rev-parse --show-toplevel [5ms]
2023-08-06 18:36:21.872 [info] fatal: not a git repository (or any parent up to mount point /)
Stopping at filesystem boundary (GIT_DISCOVERY_ACROSS_FILESYSTEM not set).
2023-08-06 18:36:21.872 [info] > git rev-parse --show-toplevel [3ms]
2023-08-06 18:36:21.872 [info] fatal: not a git repository (or any parent up to mount point /)
Stopping at filesystem boundary (GIT_DISCOVERY_ACROSS_FILESYSTEM not set).
2023-08-06 18:36:21.872 [info] > git rev-parse --show-toplevel [23ms]
2023-08-06 18:36:21.872 [info] fatal: not a git repository (or any parent up to mount point /)
Stopping at filesystem boundary (GIT_DISCOVERY_ACROSS_FILESYSTEM not set).
2023-08-06 18:36:21.872 [info] > git rev-parse --show-toplevel [9ms]
2023-08-06 18:36:21.872 [info] fatal: not a git repository (or any parent up to mount point /)
Stopping at filesystem boundary (GIT_DISCOVERY_ACROSS_FILESYSTEM not set).
2023-08-06 18:36:21.904 [info] > git rev-parse --show-toplevel [6ms]
2023-08-06 18:36:21.904 [info] fatal: not a git repository (or any parent up to mount point /)
Stopping at filesystem boundary (GIT_DISCOVERY_ACROSS_FILESYSTEM not set).
2023-08-06 18:36:21.959 [info] > git rev-parse --show-toplevel [22ms]
2023-08-06 18:36:21.959 [info] fatal: not a git repository (or any parent up to mount point /)
Stopping at filesystem boundary (GIT_DISCOVERY_ACROSS_FILESYSTEM not set).
2023-08-06 18:36:21.982 [info] > git rev-parse --show-toplevel [6ms]
2023-08-06 18:36:21.982 [info] fatal: not a git repository (or any parent up to mount point /)
Stopping at filesystem boundary (GIT_DISCOVERY_ACROSS_FILESYSTEM not set).
2023-08-06 18:36:21.999 [info] > git rev-parse --show-toplevel [4ms]
2023-08-06 18:36:21.999 [info] fatal: not a git repository (or any parent up to mount point /)
Stopping at filesystem boundary (GIT_DISCOVERY_ACROSS_FILESYSTEM not set).
2023-08-06 18:36:22.029 [info] > git rev-parse --show-toplevel [12ms]
2023-08-06 18:36:22.029 [info] fatal: not a git repository (or any parent up to mount point /)
Stopping at filesystem boundary (GIT_DISCOVERY_ACROSS_FILESYSTEM not set).
2023-08-06 18:36:22.050 [info] > git rev-parse --show-toplevel [6ms]
2023-08-06 18:36:22.050 [info] fatal: not a git repository (or any parent up to mount point /)
Stopping at filesystem boundary (GIT_DISCOVERY_ACROSS_FILESYSTEM not set).
2023-08-06 18:36:22.090 [info] > git rev-parse --show-toplevel [21ms]
2023-08-06 18:36:22.091 [info] fatal: not a git repository (or any parent up to mount point /)
Stopping at filesystem boundary (GIT_DISCOVERY_ACROSS_FILESYSTEM not set).
2023-08-06 18:36:22.122 [info] > git rev-parse --show-toplevel [3ms]
2023-08-06 18:36:22.122 [info] fatal: not a git repository (or any parent up to mount point /)
Stopping at filesystem boundary (GIT_DISCOVERY_ACROSS_FILESYSTEM not set).
2023-08-06 18:36:22.143 [info] > git rev-parse --show-toplevel [6ms]
2023-08-06 18:36:22.143 [info] fatal: not a git repository (or any parent up to mount point /)
Stopping at filesystem boundary (GIT_DISCOVERY_ACROSS_FILESYSTEM not set).
2023-08-06 18:36:22.496 [info] > git rev-parse --show-toplevel [46ms]
2023-08-06 18:36:22.496 [info] fatal: not a git repository (or any parent up to mount point /)
Stopping at filesystem boundary (GIT_DISCOVERY_ACROSS_FILESYSTEM not set).
2023-08-06 18:36:22.647 [info] > git rev-parse --show-toplevel [3ms]
2023-08-06 18:36:22.647 [info] fatal: not a git repository (or any parent up to mount point /)
Stopping at filesystem boundary (GIT_DISCOVERY_ACROSS_FILESYSTEM not set).
2023-08-06 18:36:22.867 [info] > git rev-parse --show-toplevel [1ms]
2023-08-06 18:36:22.867 [info] fatal: not a git repository (or any parent up to mount point /)
Stopping at filesystem boundary (GIT_DISCOVERY_ACROSS_FILESYSTEM not set).
2023-08-06 18:36:58.537 [info] > git rev-parse --show-toplevel [2ms]
2023-08-06 18:36:58.538 [info] fatal: not a git repository (or any parent up to mount point /)
Stopping at filesystem boundary (GIT_DISCOVERY_ACROSS_FILESYSTEM not set).
