2023-08-06 20:08:11.068 [info] Experiment 'pythonPromptNewFormatterExt' is active
2023-08-06 20:08:11.068 [info] Experiment 'pythonPromptNewToolsExt' is active
2023-08-06 20:08:11.068 [info] Experiment 'pythonSurveyNotification' is active
2023-08-06 20:08:11.068 [info] Experiment 'pythonTestAdaptercf' is active
2023-08-06 20:08:11.154 [info] Test server listening.
2023-08-06 20:08:11.167 [info] > conda info --json
2023-08-06 20:08:11.205 [info] Found: /bin/python --> /bin/python3.11
2023-08-06 20:08:11.205 [info] Found: /bin/python3 --> /bin/python3.11
2023-08-06 20:08:11.205 [info] Found: /bin/python3.11 --> /bin/python3.11
2023-08-06 20:08:11.227 [info] Found: /sbin/python --> /sbin/python3.11
2023-08-06 20:08:11.227 [info] Found: /sbin/python3 --> /sbin/python3.11
2023-08-06 20:08:11.227 [info] Found: /sbin/python3.11 --> /sbin/python3.11
2023-08-06 20:08:11.248 [info] Found: /usr/bin/python --> /usr/bin/python3.11
2023-08-06 20:08:11.248 [info] Found: /usr/bin/python3 --> /usr/bin/python3.11
2023-08-06 20:08:11.248 [info] Found: /usr/bin/python3.11 --> /usr/bin/python3.11
2023-08-06 20:08:11.260 [warning] Retry failed, storage update failed for key PYTHON_GLOBAL_STORAGE_KEYS
2023-08-06 20:08:11.260 [warning] Retry failed, storage update failed for key PYTHON_GLOBAL_STORAGE_KEYS
2023-08-06 20:08:11.260 [warning] Retry failed, storage update failed for key PYTHON_GLOBAL_STORAGE_KEYS
2023-08-06 20:08:11.260 [warning] Retry failed, storage update failed for key PYTHON_GLOBAL_STORAGE_KEYS
2023-08-06 20:08:11.260 [warning] Retry failed, storage update failed for key PYTHON_GLOBAL_STORAGE_KEYS
2023-08-06 20:08:11.260 [warning] Retry failed, storage update failed for key PYTHON_GLOBAL_STORAGE_KEYS
2023-08-06 20:08:11.260 [warning] Retry failed, storage update failed for key PYTHON_WORKSPACE_STORAGE_KEYS
2023-08-06 20:08:11.260 [warning] Retry failed, storage update failed for key PYTHON_WORKSPACE_STORAGE_KEYS
2023-08-06 20:08:11.260 [warning] Retry failed, storage update failed for key PYTHON_WORKSPACE_STORAGE_KEYS
2023-08-06 20:08:11.281 [info] Found: /usr/sbin/python --> /usr/sbin/python3.11
2023-08-06 20:08:11.282 [info] Found: /usr/sbin/python3 --> /usr/sbin/python3.11
2023-08-06 20:08:11.282 [info] Found: /usr/sbin/python3.11 --> /usr/sbin/python3.11
2023-08-06 20:08:11.304 [info] > /bin/python -I ~/.vscode/extensions/ms-python.python-2023.14.0/pythonFiles/get_output_via_markers.py ~/.vscode/extensions/ms-python.python-2023.14.0/pythonFiles/interpreterInfo.py
2023-08-06 20:08:11.327 [info] > /sbin/python -I ~/.vscode/extensions/ms-python.python-2023.14.0/pythonFiles/get_output_via_markers.py ~/.vscode/extensions/ms-python.python-2023.14.0/pythonFiles/interpreterInfo.py
2023-08-06 20:08:11.372 [info] > /usr/bin/python -I ~/.vscode/extensions/ms-python.python-2023.14.0/pythonFiles/get_output_via_markers.py ~/.vscode/extensions/ms-python.python-2023.14.0/pythonFiles/interpreterInfo.py
2023-08-06 20:08:11.389 [info] > /usr/sbin/python -I ~/.vscode/extensions/ms-python.python-2023.14.0/pythonFiles/get_output_via_markers.py ~/.vscode/extensions/ms-python.python-2023.14.0/pythonFiles/interpreterInfo.py
2023-08-06 20:08:11.452 [info] Python interpreter path: /bin/python
2023-08-06 20:08:11.529 [warning] Retry failed, storage update failed for key PYTHON_GLOBAL_STORAGE_KEYS
2023-08-06 20:08:12.718 [info] Starting Jedi language server for qtile.
2023-08-06 20:08:57.809 [info] Discover tests for workspace name: qtile - uri: /home/nai/.config/qtile/config.py
