2023-08-06 22:17:13.755 [info] Log level: Info
2023-08-06 22:17:13.755 [info] Validating found git in: "git"
2023-08-06 22:17:13.755 [info] Using git "2.41.0" from "git"
2023-08-06 22:17:13.755 [info] > git rev-parse --show-toplevel [12ms]
2023-08-06 22:17:13.755 [info] fatal: not a git repository (or any parent up to mount point /)
Stopping at filesystem boundary (GIT_DISCOVERY_ACROSS_FILESYSTEM not set).
2023-08-06 22:17:13.755 [info] > git rev-parse --show-toplevel [11ms]
2023-08-06 22:17:13.755 [info] fatal: not a git repository (or any parent up to mount point /)
Stopping at filesystem boundary (GIT_DISCOVERY_ACROSS_FILESYSTEM not set).
2023-08-06 22:17:13.785 [info] > git rev-parse --show-toplevel [9ms]
2023-08-06 22:17:13.785 [info] fatal: not a git repository (or any parent up to mount point /)
Stopping at filesystem boundary (GIT_DISCOVERY_ACROSS_FILESYSTEM not set).
2023-08-06 22:17:14.013 [info] > git rev-parse --show-toplevel [2ms]
2023-08-06 22:17:14.013 [info] fatal: not a git repository (or any parent up to mount point /)
Stopping at filesystem boundary (GIT_DISCOVERY_ACROSS_FILESYSTEM not set).
2023-08-06 22:17:14.262 [info] > git rev-parse --show-toplevel [3ms]
2023-08-06 22:17:14.262 [info] fatal: not a git repository (or any parent up to mount point /)
Stopping at filesystem boundary (GIT_DISCOVERY_ACROSS_FILESYSTEM not set).
2023-08-06 22:17:14.523 [info] > git rev-parse --show-toplevel [2ms]
2023-08-06 22:17:14.523 [info] fatal: not a git repository (or any parent up to mount point /)
Stopping at filesystem boundary (GIT_DISCOVERY_ACROSS_FILESYSTEM not set).
2023-08-06 22:17:14.723 [info] > git rev-parse --show-toplevel [5ms]
2023-08-06 22:17:14.723 [info] fatal: not a git repository (or any parent up to mount point /)
Stopping at filesystem boundary (GIT_DISCOVERY_ACROSS_FILESYSTEM not set).
