2023-08-06 18:26:02.034 [info] Reading sessions from keychain...
2023-08-06 18:26:02.034 [info] Getting sessions for all scopes...
2023-08-06 18:26:02.039 [info] Getting sessions for user:email...
2023-08-06 18:26:02.046 [info] Got 0 sessions for ...
2023-08-06 18:26:02.047 [info] Got 0 sessions for user:email...
2023-08-06 18:26:02.088 [info] Getting sessions for all scopes...
2023-08-06 18:26:02.089 [info] Got 0 sessions for ...
2023-08-06 18:26:02.219 [info] Getting sessions for all scopes...
2023-08-06 18:26:02.219 [info] Got 0 sessions for ...
2023-08-06 18:30:07.753 [info] Reading sessions from keychain...
2023-08-06 18:30:07.753 [info] Getting sessions for all scopes...
2023-08-06 18:30:07.755 [info] Got 0 sessions for ...
2023-08-06 18:30:07.756 [info] Getting sessions for user:email...
2023-08-06 18:30:07.756 [info] Got 0 sessions for user:email...
2023-08-06 18:30:07.865 [info] Getting sessions for all scopes...
2023-08-06 18:30:07.865 [info] Got 0 sessions for ...
2023-08-06 18:30:08.158 [info] Getting sessions for all scopes...
2023-08-06 18:30:08.158 [info] Got 0 sessions for ...
2023-08-06 18:32:11.268 [info] Reading sessions from keychain...
2023-08-06 18:32:11.268 [info] Getting sessions for all scopes...
2023-08-06 18:32:11.268 [info] Getting sessions for user:email...
2023-08-06 18:32:11.268 [info] Got 0 sessions for ...
2023-08-06 18:32:11.268 [info] Got 0 sessions for user:email...
2023-08-06 18:32:11.758 [info] Getting sessions for all scopes...
2023-08-06 18:32:11.758 [info] Got 0 sessions for ...
2023-08-06 18:32:34.671 [info] Reading sessions from keychain...
2023-08-06 18:32:34.671 [info] Getting sessions for all scopes...
2023-08-06 18:32:34.671 [info] Getting sessions for user:email...
2023-08-06 18:32:34.909 [info] Got 0 sessions for ...
2023-08-06 18:32:34.909 [info] Got 0 sessions for user:email...
2023-08-06 18:32:35.086 [info] Getting sessions for all scopes...
2023-08-06 18:32:35.086 [info] Got 0 sessions for ...
2023-08-06 18:32:35.475 [info] Getting sessions for all scopes...
2023-08-06 18:32:35.475 [info] Got 0 sessions for ...
2023-08-06 18:34:12.495 [info] Reading sessions from keychain...
2023-08-06 18:34:12.495 [info] Getting sessions for all scopes...
2023-08-06 18:34:12.502 [info] Getting sessions for user:email...
2023-08-06 18:34:12.503 [info] Got 0 sessions for ...
2023-08-06 18:34:12.503 [info] Got 0 sessions for user:email...
2023-08-06 18:34:12.534 [info] Getting sessions for all scopes...
2023-08-06 18:34:12.535 [info] Got 0 sessions for ...
2023-08-06 18:34:12.551 [info] Getting sessions for all scopes...
2023-08-06 18:34:12.551 [info] Got 0 sessions for ...
2023-08-06 18:34:43.380 [info] Reading sessions from keychain...
2023-08-06 18:34:43.380 [info] Getting sessions for all scopes...
2023-08-06 18:34:43.380 [info] Getting sessions for user:email...
2023-08-06 18:34:43.396 [info] Got 0 sessions for ...
2023-08-06 18:34:43.396 [info] Got 0 sessions for user:email...
2023-08-06 18:34:43.664 [info] Getting sessions for all scopes...
2023-08-06 18:34:43.664 [info] Got 0 sessions for ...
2023-08-06 18:35:30.378 [info] Reading sessions from keychain...
2023-08-06 18:35:30.382 [info] Getting sessions for all scopes...
2023-08-06 18:35:30.383 [info] Getting sessions for user:email...
2023-08-06 18:35:30.398 [info] Got 0 sessions for ...
2023-08-06 18:35:30.398 [info] Got 0 sessions for user:email...
2023-08-06 18:35:30.449 [info] Getting sessions for all scopes...
2023-08-06 18:35:30.449 [info] Got 0 sessions for ...
2023-08-06 18:35:30.475 [info] Getting sessions for all scopes...
2023-08-06 18:35:30.475 [info] Got 0 sessions for ...
2023-08-06 18:36:22.535 [info] Reading sessions from keychain...
2023-08-06 18:36:22.535 [info] Getting sessions for all scopes...
2023-08-06 18:36:22.535 [info] Got 0 sessions for ...
2023-08-06 18:36:22.644 [info] Getting sessions for user:email...
2023-08-06 18:36:22.644 [info] Got 0 sessions for user:email...
2023-08-06 18:36:22.733 [info] Getting sessions for all scopes...
2023-08-06 18:36:22.737 [info] Got 0 sessions for ...
2023-08-06 18:36:22.756 [info] Getting sessions for all scopes...
2023-08-06 18:36:22.756 [info] Got 0 sessions for ...
