2023-08-06 20:00:24.678 [info] Log level: Info
2023-08-06 20:00:24.678 [info] Validating found git in: "git"
2023-08-06 20:00:24.678 [info] Using git "2.41.0" from "git"
2023-08-06 20:00:24.678 [info] > git rev-parse --show-toplevel [31ms]
2023-08-06 20:00:24.678 [info] fatal: not a git repository (or any parent up to mount point /)
Stopping at filesystem boundary (GIT_DISCOVERY_ACROSS_FILESYSTEM not set).
2023-08-06 20:00:24.680 [info] > git rev-parse --show-toplevel [4ms]
2023-08-06 20:00:24.680 [info] fatal: not a git repository (or any parent up to mount point /)
Stopping at filesystem boundary (GIT_DISCOVERY_ACROSS_FILESYSTEM not set).
2023-08-06 20:00:24.689 [info] > git rev-parse --show-toplevel [3ms]
2023-08-06 20:00:24.689 [info] fatal: not a git repository (or any parent up to mount point /)
Stopping at filesystem boundary (GIT_DISCOVERY_ACROSS_FILESYSTEM not set).
2023-08-06 20:00:24.699 [info] > git rev-parse --show-toplevel [2ms]
2023-08-06 20:00:24.700 [info] fatal: not a git repository (or any parent up to mount point /)
Stopping at filesystem boundary (GIT_DISCOVERY_ACROSS_FILESYSTEM not set).
2023-08-06 20:00:24.750 [info] > git rev-parse --show-toplevel [5ms]
2023-08-06 20:00:24.750 [info] fatal: not a git repository (or any parent up to mount point /)
Stopping at filesystem boundary (GIT_DISCOVERY_ACROSS_FILESYSTEM not set).
2023-08-06 20:00:24.796 [info] > git rev-parse --show-toplevel [9ms]
2023-08-06 20:00:24.796 [info] fatal: not a git repository (or any parent up to mount point /)
Stopping at filesystem boundary (GIT_DISCOVERY_ACROSS_FILESYSTEM not set).
2023-08-06 20:00:24.975 [info] > git rev-parse --show-toplevel [3ms]
2023-08-06 20:00:24.975 [info] fatal: not a git repository (or any parent up to mount point /)
Stopping at filesystem boundary (GIT_DISCOVERY_ACROSS_FILESYSTEM not set).
2023-08-06 20:00:25.191 [info] > git rev-parse --show-toplevel [1ms]
2023-08-06 20:00:25.191 [info] fatal: not a git repository (or any parent up to mount point /)
Stopping at filesystem boundary (GIT_DISCOVERY_ACROSS_FILESYSTEM not set).
2023-08-06 20:00:27.300 [info] > git rev-parse --show-toplevel [1ms]
2023-08-06 20:00:27.300 [info] fatal: not a git repository (or any parent up to mount point /)
Stopping at filesystem boundary (GIT_DISCOVERY_ACROSS_FILESYSTEM not set).
2023-08-06 20:01:16.149 [info] > git rev-parse --show-toplevel [1ms]
2023-08-06 20:01:16.149 [info] fatal: not a git repository (or any parent up to mount point /)
Stopping at filesystem boundary (GIT_DISCOVERY_ACROSS_FILESYSTEM not set).
2023-08-06 20:02:34.628 [info] > git rev-parse --show-toplevel [1ms]
2023-08-06 20:02:34.628 [info] fatal: not a git repository (or any parent up to mount point /)
Stopping at filesystem boundary (GIT_DISCOVERY_ACROSS_FILESYSTEM not set).
2023-08-06 20:03:41.173 [info] > git rev-parse --show-toplevel [2ms]
2023-08-06 20:03:41.173 [info] fatal: not a git repository (or any parent up to mount point /)
Stopping at filesystem boundary (GIT_DISCOVERY_ACROSS_FILESYSTEM not set).
2023-08-06 20:04:39.794 [info] > git rev-parse --show-toplevel [2ms]
2023-08-06 20:04:39.794 [info] fatal: not a git repository (or any parent up to mount point /)
Stopping at filesystem boundary (GIT_DISCOVERY_ACROSS_FILESYSTEM not set).
2023-08-06 20:04:43.881 [info] > git rev-parse --show-toplevel [2ms]
2023-08-06 20:04:43.881 [info] fatal: not a git repository (or any parent up to mount point /)
Stopping at filesystem boundary (GIT_DISCOVERY_ACROSS_FILESYSTEM not set).
