2023-08-06 20:35:21.708 [info] Log level: Info
2023-08-06 20:35:21.708 [info] Validating found git in: "git"
2023-08-06 20:35:21.708 [info] Using git "2.41.0" from "git"
2023-08-06 20:35:21.708 [info] > git rev-parse --show-toplevel [20ms]
2023-08-06 20:35:21.708 [info] fatal: not a git repository (or any parent up to mount point /)
Stopping at filesystem boundary (GIT_DISCOVERY_ACROSS_FILESYSTEM not set).
2023-08-06 20:35:21.713 [info] > git rev-parse --show-toplevel [6ms]
2023-08-06 20:35:21.713 [info] fatal: not a git repository (or any parent up to mount point /)
Stopping at filesystem boundary (GIT_DISCOVERY_ACROSS_FILESYSTEM not set).
2023-08-06 20:35:21.726 [info] > git rev-parse --show-toplevel [2ms]
2023-08-06 20:35:21.726 [info] fatal: not a git repository (or any parent up to mount point /)
Stopping at filesystem boundary (GIT_DISCOVERY_ACROSS_FILESYSTEM not set).
2023-08-06 20:35:21.738 [info] > git rev-parse --show-toplevel [3ms]
2023-08-06 20:35:21.738 [info] fatal: not a git repository (or any parent up to mount point /)
Stopping at filesystem boundary (GIT_DISCOVERY_ACROSS_FILESYSTEM not set).
2023-08-06 20:35:21.985 [info] > git rev-parse --show-toplevel [5ms]
2023-08-06 20:35:21.985 [info] fatal: not a git repository (or any parent up to mount point /)
Stopping at filesystem boundary (GIT_DISCOVERY_ACROSS_FILESYSTEM not set).
2023-08-06 20:35:22.445 [info] > git rev-parse --show-toplevel [3ms]
2023-08-06 20:35:22.445 [info] fatal: not a git repository (or any parent up to mount point /)
Stopping at filesystem boundary (GIT_DISCOVERY_ACROSS_FILESYSTEM not set).
2023-08-06 20:35:22.524 [info] > git rev-parse --show-toplevel [1ms]
2023-08-06 20:35:22.524 [info] fatal: not a git repository (or any parent up to mount point /)
Stopping at filesystem boundary (GIT_DISCOVERY_ACROSS_FILESYSTEM not set).
2023-08-06 20:35:22.818 [info] > git rev-parse --show-toplevel [2ms]
2023-08-06 20:35:22.818 [info] fatal: not a git repository (or any parent up to mount point /)
Stopping at filesystem boundary (GIT_DISCOVERY_ACROSS_FILESYSTEM not set).
